#
# There is insufficient memory for the Java Runtime Environment to continue.
# Native memory allocation (malloc) failed to allocate 501440 bytes for Chunk::new
# Possible reasons:
#   The system is out of physical RAM or swap space
#   The process is running with CompressedOops enabled, and the Java Heap may be blocking the growth of the native heap
# Possible solutions:
#   Reduce memory load on the system
#   Increase physical memory or swap space
#   Check if swap backing store is full
#   Decrease Java heap size (-Xmx/-Xms)
#   Decrease number of Java threads
#   Decrease Java thread stack sizes (-Xss)
#   Set larger code cache with -XX:ReservedCodeCacheSize=
#   JVM is running with Unscaled Compressed Oops mode in which the Java heap is
#     placed in the first 4GB address space. The Java Heap base address is the
#     maximum limit for the native heap growth. Please use -XX:HeapBaseMinAddress
#     to set the Java Heap base and to place the Java Heap above 4GB virtual address.
# This output file may be truncated or incomplete.
#
#  Out of Memory Error (arena.cpp:189), pid=7832, tid=18892
#
# JRE version: Java(TM) SE Runtime Environment (17.0.4+11) (build 17.0.4+11-LTS-179)
# Java VM: Java HotSpot(TM) 64-Bit Server VM (17.0.4+11-LTS-179, mixed mode, sharing, tiered, compressed oops, compressed class ptrs, g1 gc, windows-amd64)
# No core dump will be written. Minidumps are not enabled by default on client versions of Windows
#

---------------  S U M M A R Y ------------

Command Line: --add-opens=java.base/java.util=ALL-UNNAMED --add-opens=java.base/java.lang=ALL-UNNAMED --add-opens=java.base/java.lang.invoke=ALL-UNNAMED --add-opens=java.base/java.util=ALL-UNNAMED --add-opens=java.prefs/java.util.prefs=ALL-UNNAMED --add-opens=java.prefs/java.util.prefs=ALL-UNNAMED --add-opens=java.base/java.nio.charset=ALL-UNNAMED --add-opens=java.base/java.net=ALL-UNNAMED --add-opens=java.base/java.util.concurrent.atomic=ALL-UNNAMED -XX:MaxMetaspaceSize=256m -XX:+HeapDumpOnOutOfMemoryError -Xms256m -Xmx512m -Dfile.encoding=windows-1252 -Duser.country=AU -Duser.language=en -Duser.variant org.gradle.launcher.daemon.bootstrap.GradleDaemon 7.4.2

Host: Intel(R) Core(TM) i7-8565U CPU @ 1.80GHz, 8 cores, 7G,  Windows 10 , 64 bit Build 19041 (10.0.19041.1889)
Time: Mon Oct 24 22:12:44 2022 AUS Eastern Daylight Time elapsed time: 5.869005 seconds (0d 0h 0m 5s)

---------------  T H R E A D  ---------------

Current thread (0x00000192fed03340):  JavaThread "C2 CompilerThread0" daemon [_thread_in_native, id=18892, stack(0x00000043e3500000,0x00000043e3600000)]


Current CompileTask:
C2:   5869 4312       4       java.lang.ClassLoader::defineClass (43 bytes)

Stack: [0x00000043e3500000,0x00000043e3600000]
Native frames: (J=compiled Java code, j=interpreted, Vv=VM code, C=native code)
V  [jvm.dll+0x6723da]
V  [jvm.dll+0x7d1f74]
V  [jvm.dll+0x7d371e]
V  [jvm.dll+0x7d3d83]
V  [jvm.dll+0x242ed5]
V  [jvm.dll+0xaa57b]
V  [jvm.dll+0xaab0c]
V  [jvm.dll+0x360447]
V  [jvm.dll+0x32a7e1]
V  [jvm.dll+0x329c8a]
V  [jvm.dll+0x215ff1]
V  [jvm.dll+0x215411]
V  [jvm.dll+0x1a1fcd]
V  [jvm.dll+0x224c78]
V  [jvm.dll+0x222de5]
V  [jvm.dll+0x787a5b]
V  [jvm.dll+0x78201a]
V  [jvm.dll+0x671265]
C  [ucrtbase.dll+0x21bb2]
C  [KERNEL32.DLL+0x17034]
C  [ntdll.dll+0x526a1]


---------------  P R O C E S S  ---------------

Threads class SMR info:
_java_thread_list=0x0000019285b63af0, length=40, elements={
0x00000192e43bafb0, 0x00000192fecd81a0, 0x00000192fecd8f20, 0x00000192fecf0320,
0x00000192fecf4000, 0x00000192fecf68d0, 0x00000192fecf7190, 0x00000192fed03340,
0x00000192fed03cf0, 0x00000192fed07610, 0x00000192ff8e1ba0, 0x00000192ff8e3080,
0x0000019283132fb0, 0x00000192834140c0, 0x0000019282f93320, 0x0000019282fb18a0,
0x0000019282fe28c0, 0x0000019282f4e200, 0x0000019282f507d0, 0x0000019283389d50,
0x000001928338b560, 0x0000019283388540, 0x0000019283388ee0, 0x000001928338abc0,
0x0000019283388a10, 0x00000192833893b0, 0x0000019283389880, 0x00000192845caa50,
0x000001928338a6f0, 0x0000019283388070, 0x000001928338a220, 0x000001928338b090,
0x000001928338ba30, 0x0000019284143b70, 0x0000019284144eb0, 0x0000019284144510,
0x00000192841414f0, 0x0000019284145380, 0x00000192841419c0, 0x0000019284145850
}

Java Threads: ( => current thread )
  0x00000192e43bafb0 JavaThread "main" [_thread_blocked, id=14348, stack(0x00000043e2800000,0x00000043e2900000)]
  0x00000192fecd81a0 JavaThread "Reference Handler" daemon [_thread_blocked, id=19292, stack(0x00000043e2f00000,0x00000043e3000000)]
  0x00000192fecd8f20 JavaThread "Finalizer" daemon [_thread_blocked, id=13016, stack(0x00000043e3000000,0x00000043e3100000)]
  0x00000192fecf0320 JavaThread "Signal Dispatcher" daemon [_thread_blocked, id=12452, stack(0x00000043e3100000,0x00000043e3200000)]
  0x00000192fecf4000 JavaThread "Attach Listener" daemon [_thread_blocked, id=22648, stack(0x00000043e3200000,0x00000043e3300000)]
  0x00000192fecf68d0 JavaThread "Service Thread" daemon [_thread_blocked, id=19880, stack(0x00000043e3300000,0x00000043e3400000)]
  0x00000192fecf7190 JavaThread "Monitor Deflation Thread" daemon [_thread_blocked, id=13820, stack(0x00000043e3400000,0x00000043e3500000)]
=>0x00000192fed03340 JavaThread "C2 CompilerThread0" daemon [_thread_in_native, id=18892, stack(0x00000043e3500000,0x00000043e3600000)]
  0x00000192fed03cf0 JavaThread "C1 CompilerThread0" daemon [_thread_in_native, id=14220, stack(0x00000043e3600000,0x00000043e3700000)]
  0x00000192fed07610 JavaThread "Sweeper thread" daemon [_thread_blocked, id=18128, stack(0x00000043e3700000,0x00000043e3800000)]
  0x00000192ff8e1ba0 JavaThread "Common-Cleaner" daemon [_thread_blocked, id=4776, stack(0x00000043e3800000,0x00000043e3900000)]
  0x00000192ff8e3080 JavaThread "Notification Thread" daemon [_thread_blocked, id=16308, stack(0x00000043e3900000,0x00000043e3a00000)]
  0x0000019283132fb0 JavaThread "Daemon health stats" [_thread_blocked, id=19000, stack(0x00000043e4000000,0x00000043e4100000)]
  0x00000192834140c0 JavaThread "Incoming local TCP Connector on port 54257" [_thread_in_native, id=21560, stack(0x00000043e4100000,0x00000043e4200000)]
  0x0000019282f93320 JavaThread "Daemon periodic checks" [_thread_blocked, id=22204, stack(0x00000043e4200000,0x00000043e4300000)]
  0x0000019282fb18a0 JavaThread "Daemon" [_thread_blocked, id=7240, stack(0x00000043e4300000,0x00000043e4400000)]
  0x0000019282fe28c0 JavaThread "Handler for socket connection from /127.0.0.1:54257 to /127.0.0.1:54258" [_thread_in_native, id=14768, stack(0x00000043e4400000,0x00000043e4500000)]
  0x0000019282f4e200 JavaThread "Cancel handler" [_thread_blocked, id=2156, stack(0x00000043e4500000,0x00000043e4600000)]
  0x0000019282f507d0 JavaThread "Daemon worker" [_thread_in_Java, id=8976, stack(0x00000043e4600000,0x00000043e4700000)]
  0x0000019283389d50 JavaThread "Asynchronous log dispatcher for DefaultDaemonConnection: socket connection from /127.0.0.1:54257 to /127.0.0.1:54258" [_thread_blocked, id=22084, stack(0x00000043e4700000,0x00000043e4800000)]
  0x000001928338b560 JavaThread "Stdin handler" [_thread_blocked, id=8864, stack(0x00000043e4800000,0x00000043e4900000)]
  0x0000019283388540 JavaThread "Daemon client event forwarder" [_thread_blocked, id=3196, stack(0x00000043e4900000,0x00000043e4a00000)]
  0x0000019283388ee0 JavaThread "Cache worker for journal cache (C:\Users\Win10\.gradle\caches\journal-1)" [_thread_blocked, id=18588, stack(0x00000043e4a00000,0x00000043e4b00000)]
  0x000001928338abc0 JavaThread "File lock request listener" [_thread_in_native, id=15056, stack(0x00000043e4b00000,0x00000043e4c00000)]
  0x0000019283388a10 JavaThread "Cache worker for file hash cache (C:\Users\Win10\.gradle\caches\7.4.2\fileHashes)" [_thread_blocked, id=18204, stack(0x00000043e4c00000,0x00000043e4d00000)]
  0x00000192833893b0 JavaThread "File watcher server" daemon [_thread_in_native, id=9052, stack(0x00000043e4d00000,0x00000043e4e00000)]
  0x0000019283389880 JavaThread "File watcher consumer" daemon [_thread_blocked, id=13324, stack(0x00000043e4e00000,0x00000043e4f00000)]
  0x00000192845caa50 JavaThread "C2 CompilerThread1" daemon [_thread_in_native, id=16332, stack(0x00000043e4f00000,0x00000043e5000000)]
  0x000001928338a6f0 JavaThread "Cache worker for checksums cache (C:\Users\Win10\Desktop\UNI\SOFT2412\vending\CC-21-VendingMachine-G1\.gradle\7.4.2\checksums)" [_thread_blocked, id=6216, stack(0x00000043e5000000,0x00000043e5100000)]
  0x0000019283388070 JavaThread "Cache worker for cache directory md-rule (C:\Users\Win10\.gradle\caches\7.4.2\md-rule)" [_thread_blocked, id=16616, stack(0x00000043e5100000,0x00000043e5200000)]
  0x000001928338a220 JavaThread "Cache worker for file hash cache (C:\Users\Win10\Desktop\UNI\SOFT2412\vending\CC-21-VendingMachine-G1\.gradle\7.4.2\fileHashes)" [_thread_blocked, id=20876, stack(0x00000043e5200000,0x00000043e5300000)]
  0x000001928338b090 JavaThread "Cache worker for cache directory md-supplier (C:\Users\Win10\.gradle\caches\7.4.2\md-supplier)" [_thread_blocked, id=12532, stack(0x00000043e5300000,0x00000043e5400000)]
  0x000001928338ba30 JavaThread "Cache worker for execution history cache (C:\Users\Win10\.gradle\caches\7.4.2\executionHistory)" [_thread_blocked, id=20784, stack(0x00000043e5700000,0x00000043e5800000)]
  0x0000019284143b70 JavaThread "jar transforms" [_thread_blocked, id=22796, stack(0x00000043e5800000,0x00000043e5900000)]
  0x0000019284144eb0 JavaThread "jar transforms Thread 2" [_thread_blocked, id=19356, stack(0x00000043e5900000,0x00000043e5a00000)]
  0x0000019284144510 JavaThread "Cache worker for file content cache (C:\Users\Win10\.gradle\caches\7.4.2\fileContent)" [_thread_blocked, id=20992, stack(0x00000043e5a00000,0x00000043e5b00000)]
  0x00000192841414f0 JavaThread "jar transforms Thread 3" [_thread_blocked, id=18444, stack(0x00000043e5b00000,0x00000043e5c00000)]
  0x0000019284145380 JavaThread "jar transforms Thread 4" [_thread_blocked, id=352, stack(0x00000043e5c00000,0x00000043e5d00000)]
  0x00000192841419c0 JavaThread "jar transforms Thread 5" [_thread_blocked, id=14572, stack(0x00000043e5d00000,0x00000043e5e00000)]
  0x0000019284145850 JavaThread "jar transforms Thread 6" [_thread_blocked, id=19232, stack(0x00000043e5e00000,0x00000043e5f00000)]

Other Threads:
  0x00000192fecd46a0 VMThread "VM Thread" [stack: 0x00000043e2e00000,0x00000043e2f00000] [id=19624]
  0x00000192e645bd10 WatcherThread [stack: 0x00000043e3a00000,0x00000043e3b00000] [id=14216]
  0x00000192e644f640 GCTaskThread "GC Thread#0" [stack: 0x00000043e2900000,0x00000043e2a00000] [id=16448]
  0x00000192828a1290 GCTaskThread "GC Thread#1" [stack: 0x00000043e3b00000,0x00000043e3c00000] [id=19164]
  0x00000192827f9850 GCTaskThread "GC Thread#2" [stack: 0x00000043e3c00000,0x00000043e3d00000] [id=20948]
  0x00000192827f9b00 GCTaskThread "GC Thread#3" [stack: 0x00000043e3d00000,0x00000043e3e00000] [id=19052]
  0x00000192825e3f20 GCTaskThread "GC Thread#4" [stack: 0x00000043e3e00000,0x00000043e3f00000] [id=18564]
  0x00000192825e41d0 GCTaskThread "GC Thread#5" [stack: 0x00000043e3f00000,0x00000043e4000000] [id=18856]
  0x0000019285cd6e30 GCTaskThread "GC Thread#6" [stack: 0x00000043e5400000,0x00000043e5500000] [id=3060]
  0x0000019285cd70e0 GCTaskThread "GC Thread#7" [stack: 0x00000043e5500000,0x00000043e5600000] [id=13808]
  0x00000192e64554a0 ConcurrentGCThread "G1 Main Marker" [stack: 0x00000043e2a00000,0x00000043e2b00000] [id=10412]
  0x00000192e6456560 ConcurrentGCThread "G1 Conc#0" [stack: 0x00000043e2b00000,0x00000043e2c00000] [id=12492]
  0x0000019285cd8100 ConcurrentGCThread "G1 Conc#1" [stack: 0x00000043e5600000,0x00000043e5700000] [id=5188]
  0x00000192e64fdce0 ConcurrentGCThread "G1 Refine#0" [stack: 0x00000043e2c00000,0x00000043e2d00000] [id=11540]
  0x00000192e64fe610 ConcurrentGCThread "G1 Service" [stack: 0x00000043e2d00000,0x00000043e2e00000] [id=21988]

Threads with active compile tasks:
C2 CompilerThread0     5910 4312       4       java.lang.ClassLoader::defineClass (43 bytes)
C2 CompilerThread1     5910 4318       4       jdk.internal.org.objectweb.asm.SymbolTable::addType (81 bytes)

VM state: not at safepoint (normal execution)

VM Mutex/Monitor currently owned by a thread: None

Heap address: 0x00000000e0000000, size: 512 MB, Compressed Oops mode: 32-bit

CDS archive(s) mapped at: [0x0000000800000000-0x0000000800bc0000-0x0000000800bc0000), size 12320768, SharedBaseAddress: 0x0000000800000000, ArchiveRelocationMode: 0.
Compressed class space mapped at: 0x0000000800c00000-0x000000080dc00000, reserved size: 218103808
Narrow klass base: 0x0000000800000000, Narrow klass shift: 0, Narrow klass range: 0x100000000

GC Precious Log:
 CPUs: 8 total, 8 available
 Memory: 8037M
 Large Page Support: Disabled
 NUMA Support: Disabled
 Compressed Oops: Enabled (32-bit)
 Heap Region Size: 1M
 Heap Min Capacity: 256M
 Heap Initial Capacity: 256M
 Heap Max Capacity: 512M
 Pre-touch: Disabled
 Parallel Workers: 8
 Concurrent Workers: 2
 Concurrent Refinement Workers: 8
 Periodic GC: Disabled

Heap:
 garbage-first heap   total 262144K, used 40552K [0x00000000e0000000, 0x0000000100000000)
  region size 1024K, 26 young (26624K), 17 survivors (17408K)
 Metaspace       used 36403K, committed 36736K, reserved 245760K
  class space    used 5032K, committed 5184K, reserved 212992K

Heap Regions: E=young(eden), S=young(survivor), O=old, HS=humongous(starts), HC=humongous(continues), CS=collection set, F=free, OA=open archive, CA=closed archive, TAMS=top-at-mark-start (previous, next)
|   0|0x00000000e0000000, 0x00000000e0000000, 0x00000000e0100000|  0%| F|  |TAMS 0x00000000e0000000, 0x00000000e0000000| Untracked 
|   1|0x00000000e0100000, 0x00000000e0200000, 0x00000000e0200000|100%| O|  |TAMS 0x00000000e0200000, 0x00000000e0100000| Untracked 
|   2|0x00000000e0200000, 0x00000000e0300000, 0x00000000e0300000|100%| O|  |TAMS 0x00000000e0300000, 0x00000000e0200000| Untracked 
|   3|0x00000000e0300000, 0x00000000e0400000, 0x00000000e0400000|100%|HS|  |TAMS 0x00000000e0400000, 0x00000000e0300000| Complete 
|   4|0x00000000e0400000, 0x00000000e0500000, 0x00000000e0500000|100%|HC|  |TAMS 0x00000000e0500000, 0x00000000e0400000| Complete 
|   5|0x00000000e0500000, 0x00000000e0600000, 0x00000000e0600000|100%|HC|  |TAMS 0x00000000e0600000, 0x00000000e0500000| Complete 
|   6|0x00000000e0600000, 0x00000000e0700000, 0x00000000e0700000|100%| O|  |TAMS 0x00000000e0700000, 0x00000000e0600000| Untracked 
|   7|0x00000000e0700000, 0x00000000e0800000, 0x00000000e0800000|100%| O|  |TAMS 0x00000000e0800000, 0x00000000e0700000| Untracked 
|   8|0x00000000e0800000, 0x00000000e0900000, 0x00000000e0900000|100%| O|  |TAMS 0x00000000e0900000, 0x00000000e0800000| Untracked 
|   9|0x00000000e0900000, 0x00000000e0a00000, 0x00000000e0a00000|100%| O|  |TAMS 0x00000000e0a00000, 0x00000000e0900000| Untracked 
|  10|0x00000000e0a00000, 0x00000000e0b00000, 0x00000000e0b00000|100%| O|  |TAMS 0x00000000e0a07800, 0x00000000e0a00000| Untracked 
|  11|0x00000000e0b00000, 0x00000000e0c00000, 0x00000000e0c00000|100%|HS|  |TAMS 0x00000000e0c00000, 0x00000000e0b00000| Complete 
|  12|0x00000000e0c00000, 0x00000000e0d00000, 0x00000000e0d00000|100%|HC|  |TAMS 0x00000000e0d00000, 0x00000000e0c00000| Complete 
|  13|0x00000000e0d00000, 0x00000000e0e00000, 0x00000000e0e00000|100%| O|  |TAMS 0x00000000e0d00000, 0x00000000e0d00000| Untracked 
|  14|0x00000000e0e00000, 0x00000000e0f00000, 0x00000000e0f00000|100%| O|  |TAMS 0x00000000e0e00000, 0x00000000e0e00000| Untracked 
|  15|0x00000000e0f00000, 0x00000000e1000000, 0x00000000e1000000|100%| O|  |TAMS 0x00000000e0f00000, 0x00000000e0f00000| Untracked 
|  16|0x00000000e1000000, 0x00000000e1024600, 0x00000000e1100000| 14%| O|  |TAMS 0x00000000e1000000, 0x00000000e1000000| Untracked 
|  17|0x00000000e1100000, 0x00000000e1100000, 0x00000000e1200000|  0%| F|  |TAMS 0x00000000e1100000, 0x00000000e1100000| Untracked 
|  18|0x00000000e1200000, 0x00000000e1200000, 0x00000000e1300000|  0%| F|  |TAMS 0x00000000e1200000, 0x00000000e1200000| Untracked 
|  19|0x00000000e1300000, 0x00000000e1300000, 0x00000000e1400000|  0%| F|  |TAMS 0x00000000e1300000, 0x00000000e1300000| Untracked 
|  20|0x00000000e1400000, 0x00000000e1400000, 0x00000000e1500000|  0%| F|  |TAMS 0x00000000e1400000, 0x00000000e1400000| Untracked 
|  21|0x00000000e1500000, 0x00000000e1500000, 0x00000000e1600000|  0%| F|  |TAMS 0x00000000e1500000, 0x00000000e1500000| Untracked 
|  22|0x00000000e1600000, 0x00000000e1600000, 0x00000000e1700000|  0%| F|  |TAMS 0x00000000e1600000, 0x00000000e1600000| Untracked 
|  23|0x00000000e1700000, 0x00000000e1700000, 0x00000000e1800000|  0%| F|  |TAMS 0x00000000e1700000, 0x00000000e1700000| Untracked 
|  24|0x00000000e1800000, 0x00000000e1800000, 0x00000000e1900000|  0%| F|  |TAMS 0x00000000e1800000, 0x00000000e1800000| Untracked 
|  25|0x00000000e1900000, 0x00000000e1900000, 0x00000000e1a00000|  0%| F|  |TAMS 0x00000000e1900000, 0x00000000e1900000| Untracked 
|  26|0x00000000e1a00000, 0x00000000e1a00000, 0x00000000e1b00000|  0%| F|  |TAMS 0x00000000e1a00000, 0x00000000e1a00000| Untracked 
|  27|0x00000000e1b00000, 0x00000000e1b00000, 0x00000000e1c00000|  0%| F|  |TAMS 0x00000000e1b00000, 0x00000000e1b00000| Untracked 
|  28|0x00000000e1c00000, 0x00000000e1c00000, 0x00000000e1d00000|  0%| F|  |TAMS 0x00000000e1c00000, 0x00000000e1c00000| Untracked 
|  29|0x00000000e1d00000, 0x00000000e1d00000, 0x00000000e1e00000|  0%| F|  |TAMS 0x00000000e1d00000, 0x00000000e1d00000| Untracked 
|  30|0x00000000e1e00000, 0x00000000e1e00000, 0x00000000e1f00000|  0%| F|  |TAMS 0x00000000e1e00000, 0x00000000e1e00000| Untracked 
|  31|0x00000000e1f00000, 0x00000000e1f00000, 0x00000000e2000000|  0%| F|  |TAMS 0x00000000e1f00000, 0x00000000e1f00000| Untracked 
|  32|0x00000000e2000000, 0x00000000e2000000, 0x00000000e2100000|  0%| F|  |TAMS 0x00000000e2000000, 0x00000000e2000000| Untracked 
|  33|0x00000000e2100000, 0x00000000e2100000, 0x00000000e2200000|  0%| F|  |TAMS 0x00000000e2100000, 0x00000000e2100000| Untracked 
|  34|0x00000000e2200000, 0x00000000e2200000, 0x00000000e2300000|  0%| F|  |TAMS 0x00000000e2200000, 0x00000000e2200000| Untracked 
|  35|0x00000000e2300000, 0x00000000e2300000, 0x00000000e2400000|  0%| F|  |TAMS 0x00000000e2300000, 0x00000000e2300000| Untracked 
|  36|0x00000000e2400000, 0x00000000e2400000, 0x00000000e2500000|  0%| F|  |TAMS 0x00000000e2400000, 0x00000000e2400000| Untracked 
|  37|0x00000000e2500000, 0x00000000e2500000, 0x00000000e2600000|  0%| F|  |TAMS 0x00000000e2500000, 0x00000000e2500000| Untracked 
|  38|0x00000000e2600000, 0x00000000e2600000, 0x00000000e2700000|  0%| F|  |TAMS 0x00000000e2600000, 0x00000000e2600000| Untracked 
|  39|0x00000000e2700000, 0x00000000e2700000, 0x00000000e2800000|  0%| F|  |TAMS 0x00000000e2700000, 0x00000000e2700000| Untracked 
|  40|0x00000000e2800000, 0x00000000e2800000, 0x00000000e2900000|  0%| F|  |TAMS 0x00000000e2800000, 0x00000000e2800000| Untracked 
|  41|0x00000000e2900000, 0x00000000e2900000, 0x00000000e2a00000|  0%| F|  |TAMS 0x00000000e2900000, 0x00000000e2900000| Untracked 
|  42|0x00000000e2a00000, 0x00000000e2a00000, 0x00000000e2b00000|  0%| F|  |TAMS 0x00000000e2a00000, 0x00000000e2a00000| Untracked 
|  43|0x00000000e2b00000, 0x00000000e2b00000, 0x00000000e2c00000|  0%| F|  |TAMS 0x00000000e2b00000, 0x00000000e2b00000| Untracked 
|  44|0x00000000e2c00000, 0x00000000e2c00000, 0x00000000e2d00000|  0%| F|  |TAMS 0x00000000e2c00000, 0x00000000e2c00000| Untracked 
|  45|0x00000000e2d00000, 0x00000000e2d00000, 0x00000000e2e00000|  0%| F|  |TAMS 0x00000000e2d00000, 0x00000000e2d00000| Untracked 
|  46|0x00000000e2e00000, 0x00000000e2e00000, 0x00000000e2f00000|  0%| F|  |TAMS 0x00000000e2e00000, 0x00000000e2e00000| Untracked 
|  47|0x00000000e2f00000, 0x00000000e2f00000, 0x00000000e3000000|  0%| F|  |TAMS 0x00000000e2f00000, 0x00000000e2f00000| Untracked 
|  48|0x00000000e3000000, 0x00000000e3000000, 0x00000000e3100000|  0%| F|  |TAMS 0x00000000e3000000, 0x00000000e3000000| Untracked 
|  49|0x00000000e3100000, 0x00000000e3100000, 0x00000000e3200000|  0%| F|  |TAMS 0x00000000e3100000, 0x00000000e3100000| Untracked 
|  50|0x00000000e3200000, 0x00000000e3200000, 0x00000000e3300000|  0%| F|  |TAMS 0x00000000e3200000, 0x00000000e3200000| Untracked 
|  51|0x00000000e3300000, 0x00000000e3300000, 0x00000000e3400000|  0%| F|  |TAMS 0x00000000e3300000, 0x00000000e3300000| Untracked 
|  52|0x00000000e3400000, 0x00000000e3400000, 0x00000000e3500000|  0%| F|  |TAMS 0x00000000e3400000, 0x00000000e3400000| Untracked 
|  53|0x00000000e3500000, 0x00000000e3500000, 0x00000000e3600000|  0%| F|  |TAMS 0x00000000e3500000, 0x00000000e3500000| Untracked 
|  54|0x00000000e3600000, 0x00000000e3600000, 0x00000000e3700000|  0%| F|  |TAMS 0x00000000e3600000, 0x00000000e3600000| Untracked 
|  55|0x00000000e3700000, 0x00000000e3700000, 0x00000000e3800000|  0%| F|  |TAMS 0x00000000e3700000, 0x00000000e3700000| Untracked 
|  56|0x00000000e3800000, 0x00000000e3800000, 0x00000000e3900000|  0%| F|  |TAMS 0x00000000e3800000, 0x00000000e3800000| Untracked 
|  57|0x00000000e3900000, 0x00000000e3900000, 0x00000000e3a00000|  0%| F|  |TAMS 0x00000000e3900000, 0x00000000e3900000| Untracked 
|  58|0x00000000e3a00000, 0x00000000e3a00000, 0x00000000e3b00000|  0%| F|  |TAMS 0x00000000e3a00000, 0x00000000e3a00000| Untracked 
|  59|0x00000000e3b00000, 0x00000000e3b00000, 0x00000000e3c00000|  0%| F|  |TAMS 0x00000000e3b00000, 0x00000000e3b00000| Untracked 
|  60|0x00000000e3c00000, 0x00000000e3c00000, 0x00000000e3d00000|  0%| F|  |TAMS 0x00000000e3c00000, 0x00000000e3c00000| Untracked 
|  61|0x00000000e3d00000, 0x00000000e3d00000, 0x00000000e3e00000|  0%| F|  |TAMS 0x00000000e3d00000, 0x00000000e3d00000| Untracked 
|  62|0x00000000e3e00000, 0x00000000e3e00000, 0x00000000e3f00000|  0%| F|  |TAMS 0x00000000e3e00000, 0x00000000e3e00000| Untracked 
|  63|0x00000000e3f00000, 0x00000000e3f00000, 0x00000000e4000000|  0%| F|  |TAMS 0x00000000e3f00000, 0x00000000e3f00000| Untracked 
|  64|0x00000000e4000000, 0x00000000e4000000, 0x00000000e4100000|  0%| F|  |TAMS 0x00000000e4000000, 0x00000000e4000000| Untracked 
|  65|0x00000000e4100000, 0x00000000e4100000, 0x00000000e4200000|  0%| F|  |TAMS 0x00000000e4100000, 0x00000000e4100000| Untracked 
|  66|0x00000000e4200000, 0x00000000e4200000, 0x00000000e4300000|  0%| F|  |TAMS 0x00000000e4200000, 0x00000000e4200000| Untracked 
|  67|0x00000000e4300000, 0x00000000e4300000, 0x00000000e4400000|  0%| F|  |TAMS 0x00000000e4300000, 0x00000000e4300000| Untracked 
|  68|0x00000000e4400000, 0x00000000e4400000, 0x00000000e4500000|  0%| F|  |TAMS 0x00000000e4400000, 0x00000000e4400000| Untracked 
|  69|0x00000000e4500000, 0x00000000e4500000, 0x00000000e4600000|  0%| F|  |TAMS 0x00000000e4500000, 0x00000000e4500000| Untracked 
|  70|0x00000000e4600000, 0x00000000e4600000, 0x00000000e4700000|  0%| F|  |TAMS 0x00000000e4600000, 0x00000000e4600000| Untracked 
|  71|0x00000000e4700000, 0x00000000e4700000, 0x00000000e4800000|  0%| F|  |TAMS 0x00000000e4700000, 0x00000000e4700000| Untracked 
|  72|0x00000000e4800000, 0x00000000e4800000, 0x00000000e4900000|  0%| F|  |TAMS 0x00000000e4800000, 0x00000000e4800000| Untracked 
|  73|0x00000000e4900000, 0x00000000e4900000, 0x00000000e4a00000|  0%| F|  |TAMS 0x00000000e4900000, 0x00000000e4900000| Untracked 
|  74|0x00000000e4a00000, 0x00000000e4a00000, 0x00000000e4b00000|  0%| F|  |TAMS 0x00000000e4a00000, 0x00000000e4a00000| Untracked 
|  75|0x00000000e4b00000, 0x00000000e4b00000, 0x00000000e4c00000|  0%| F|  |TAMS 0x00000000e4b00000, 0x00000000e4b00000| Untracked 
|  76|0x00000000e4c00000, 0x00000000e4c00000, 0x00000000e4d00000|  0%| F|  |TAMS 0x00000000e4c00000, 0x00000000e4c00000| Untracked 
|  77|0x00000000e4d00000, 0x00000000e4d00000, 0x00000000e4e00000|  0%| F|  |TAMS 0x00000000e4d00000, 0x00000000e4d00000| Untracked 
|  78|0x00000000e4e00000, 0x00000000e4e00000, 0x00000000e4f00000|  0%| F|  |TAMS 0x00000000e4e00000, 0x00000000e4e00000| Untracked 
|  79|0x00000000e4f00000, 0x00000000e4f00000, 0x00000000e5000000|  0%| F|  |TAMS 0x00000000e4f00000, 0x00000000e4f00000| Untracked 
|  80|0x00000000e5000000, 0x00000000e5000000, 0x00000000e5100000|  0%| F|  |TAMS 0x00000000e5000000, 0x00000000e5000000| Untracked 
|  81|0x00000000e5100000, 0x00000000e5100000, 0x00000000e5200000|  0%| F|  |TAMS 0x00000000e5100000, 0x00000000e5100000| Untracked 
|  82|0x00000000e5200000, 0x00000000e5200000, 0x00000000e5300000|  0%| F|  |TAMS 0x00000000e5200000, 0x00000000e5200000| Untracked 
|  83|0x00000000e5300000, 0x00000000e5300000, 0x00000000e5400000|  0%| F|  |TAMS 0x00000000e5300000, 0x00000000e5300000| Untracked 
|  84|0x00000000e5400000, 0x00000000e5400000, 0x00000000e5500000|  0%| F|  |TAMS 0x00000000e5400000, 0x00000000e5400000| Untracked 
|  85|0x00000000e5500000, 0x00000000e5500000, 0x00000000e5600000|  0%| F|  |TAMS 0x00000000e5500000, 0x00000000e5500000| Untracked 
|  86|0x00000000e5600000, 0x00000000e5600000, 0x00000000e5700000|  0%| F|  |TAMS 0x00000000e5600000, 0x00000000e5600000| Untracked 
|  87|0x00000000e5700000, 0x00000000e5700000, 0x00000000e5800000|  0%| F|  |TAMS 0x00000000e5700000, 0x00000000e5700000| Untracked 
|  88|0x00000000e5800000, 0x00000000e5800000, 0x00000000e5900000|  0%| F|  |TAMS 0x00000000e5800000, 0x00000000e5800000| Untracked 
|  89|0x00000000e5900000, 0x00000000e5900000, 0x00000000e5a00000|  0%| F|  |TAMS 0x00000000e5900000, 0x00000000e5900000| Untracked 
|  90|0x00000000e5a00000, 0x00000000e5a00000, 0x00000000e5b00000|  0%| F|  |TAMS 0x00000000e5a00000, 0x00000000e5a00000| Untracked 
|  91|0x00000000e5b00000, 0x00000000e5b00000, 0x00000000e5c00000|  0%| F|  |TAMS 0x00000000e5b00000, 0x00000000e5b00000| Untracked 
|  92|0x00000000e5c00000, 0x00000000e5c00000, 0x00000000e5d00000|  0%| F|  |TAMS 0x00000000e5c00000, 0x00000000e5c00000| Untracked 
|  93|0x00000000e5d00000, 0x00000000e5d00000, 0x00000000e5e00000|  0%| F|  |TAMS 0x00000000e5d00000, 0x00000000e5d00000| Untracked 
|  94|0x00000000e5e00000, 0x00000000e5e00000, 0x00000000e5f00000|  0%| F|  |TAMS 0x00000000e5e00000, 0x00000000e5e00000| Untracked 
|  95|0x00000000e5f00000, 0x00000000e5f00000, 0x00000000e6000000|  0%| F|  |TAMS 0x00000000e5f00000, 0x00000000e5f00000| Untracked 
|  96|0x00000000e6000000, 0x00000000e6000000, 0x00000000e6100000|  0%| F|  |TAMS 0x00000000e6000000, 0x00000000e6000000| Untracked 
|  97|0x00000000e6100000, 0x00000000e6100000, 0x00000000e6200000|  0%| F|  |TAMS 0x00000000e6100000, 0x00000000e6100000| Untracked 
|  98|0x00000000e6200000, 0x00000000e6200000, 0x00000000e6300000|  0%| F|  |TAMS 0x00000000e6200000, 0x00000000e6200000| Untracked 
|  99|0x00000000e6300000, 0x00000000e6300000, 0x00000000e6400000|  0%| F|  |TAMS 0x00000000e6300000, 0x00000000e6300000| Untracked 
| 100|0x00000000e6400000, 0x00000000e6400000, 0x00000000e6500000|  0%| F|  |TAMS 0x00000000e6400000, 0x00000000e6400000| Untracked 
| 101|0x00000000e6500000, 0x00000000e6500000, 0x00000000e6600000|  0%| F|  |TAMS 0x00000000e6500000, 0x00000000e6500000| Untracked 
| 102|0x00000000e6600000, 0x00000000e6600000, 0x00000000e6700000|  0%| F|  |TAMS 0x00000000e6600000, 0x00000000e6600000| Untracked 
| 103|0x00000000e6700000, 0x00000000e6700000, 0x00000000e6800000|  0%| F|  |TAMS 0x00000000e6700000, 0x00000000e6700000| Untracked 
| 104|0x00000000e6800000, 0x00000000e6800000, 0x00000000e6900000|  0%| F|  |TAMS 0x00000000e6800000, 0x00000000e6800000| Untracked 
| 105|0x00000000e6900000, 0x00000000e6900000, 0x00000000e6a00000|  0%| F|  |TAMS 0x00000000e6900000, 0x00000000e6900000| Untracked 
| 106|0x00000000e6a00000, 0x00000000e6a00000, 0x00000000e6b00000|  0%| F|  |TAMS 0x00000000e6a00000, 0x00000000e6a00000| Untracked 
| 107|0x00000000e6b00000, 0x00000000e6b00000, 0x00000000e6c00000|  0%| F|  |TAMS 0x00000000e6b00000, 0x00000000e6b00000| Untracked 
| 108|0x00000000e6c00000, 0x00000000e6c00000, 0x00000000e6d00000|  0%| F|  |TAMS 0x00000000e6c00000, 0x00000000e6c00000| Untracked 
| 109|0x00000000e6d00000, 0x00000000e6d75d58, 0x00000000e6e00000| 46%| S|CS|TAMS 0x00000000e6d00000, 0x00000000e6d00000| Complete 
| 110|0x00000000e6e00000, 0x00000000e6f00000, 0x00000000e6f00000|100%| S|CS|TAMS 0x00000000e6e00000, 0x00000000e6e00000| Complete 
| 111|0x00000000e6f00000, 0x00000000e7000000, 0x00000000e7000000|100%| S|CS|TAMS 0x00000000e6f00000, 0x00000000e6f00000| Complete 
| 112|0x00000000e7000000, 0x00000000e7100000, 0x00000000e7100000|100%| S|CS|TAMS 0x00000000e7000000, 0x00000000e7000000| Complete 
| 113|0x00000000e7100000, 0x00000000e7200000, 0x00000000e7200000|100%| S|CS|TAMS 0x00000000e7100000, 0x00000000e7100000| Complete 
| 114|0x00000000e7200000, 0x00000000e7300000, 0x00000000e7300000|100%| S|CS|TAMS 0x00000000e7200000, 0x00000000e7200000| Complete 
| 115|0x00000000e7300000, 0x00000000e7400000, 0x00000000e7400000|100%| S|CS|TAMS 0x00000000e7300000, 0x00000000e7300000| Complete 
| 116|0x00000000e7400000, 0x00000000e7500000, 0x00000000e7500000|100%| S|CS|TAMS 0x00000000e7400000, 0x00000000e7400000| Complete 
| 117|0x00000000e7500000, 0x00000000e7600000, 0x00000000e7600000|100%| S|CS|TAMS 0x00000000e7500000, 0x00000000e7500000| Complete 
| 118|0x00000000e7600000, 0x00000000e7700000, 0x00000000e7700000|100%| S|CS|TAMS 0x00000000e7600000, 0x00000000e7600000| Complete 
| 119|0x00000000e7700000, 0x00000000e7800000, 0x00000000e7800000|100%| S|CS|TAMS 0x00000000e7700000, 0x00000000e7700000| Complete 
| 120|0x00000000e7800000, 0x00000000e7900000, 0x00000000e7900000|100%| S|CS|TAMS 0x00000000e7800000, 0x00000000e7800000| Complete 
| 121|0x00000000e7900000, 0x00000000e7a00000, 0x00000000e7a00000|100%| S|CS|TAMS 0x00000000e7900000, 0x00000000e7900000| Complete 
| 122|0x00000000e7a00000, 0x00000000e7b00000, 0x00000000e7b00000|100%| S|CS|TAMS 0x00000000e7a00000, 0x00000000e7a00000| Complete 
| 123|0x00000000e7b00000, 0x00000000e7c00000, 0x00000000e7c00000|100%| S|CS|TAMS 0x00000000e7b00000, 0x00000000e7b00000| Complete 
| 124|0x00000000e7c00000, 0x00000000e7d00000, 0x00000000e7d00000|100%| S|CS|TAMS 0x00000000e7c00000, 0x00000000e7c00000| Complete 
| 125|0x00000000e7d00000, 0x00000000e7e00000, 0x00000000e7e00000|100%| S|CS|TAMS 0x00000000e7d00000, 0x00000000e7d00000| Complete 
| 126|0x00000000e7e00000, 0x00000000e7e00000, 0x00000000e7f00000|  0%| F|  |TAMS 0x00000000e7e00000, 0x00000000e7e00000| Untracked 
| 127|0x00000000e7f00000, 0x00000000e7f00000, 0x00000000e8000000|  0%| F|  |TAMS 0x00000000e7f00000, 0x00000000e7f00000| Untracked 
| 128|0x00000000e8000000, 0x00000000e8000000, 0x00000000e8100000|  0%| F|  |TAMS 0x00000000e8000000, 0x00000000e8000000| Untracked 
| 129|0x00000000e8100000, 0x00000000e8100000, 0x00000000e8200000|  0%| F|  |TAMS 0x00000000e8100000, 0x00000000e8100000| Untracked 
| 130|0x00000000e8200000, 0x00000000e8200000, 0x00000000e8300000|  0%| F|  |TAMS 0x00000000e8200000, 0x00000000e8200000| Untracked 
| 131|0x00000000e8300000, 0x00000000e8300000, 0x00000000e8400000|  0%| F|  |TAMS 0x00000000e8300000, 0x00000000e8300000| Untracked 
| 132|0x00000000e8400000, 0x00000000e8400000, 0x00000000e8500000|  0%| F|  |TAMS 0x00000000e8400000, 0x00000000e8400000| Untracked 
| 133|0x00000000e8500000, 0x00000000e8500000, 0x00000000e8600000|  0%| F|  |TAMS 0x00000000e8500000, 0x00000000e8500000| Untracked 
| 134|0x00000000e8600000, 0x00000000e8600000, 0x00000000e8700000|  0%| F|  |TAMS 0x00000000e8600000, 0x00000000e8600000| Untracked 
| 135|0x00000000e8700000, 0x00000000e8700000, 0x00000000e8800000|  0%| F|  |TAMS 0x00000000e8700000, 0x00000000e8700000| Untracked 
| 136|0x00000000e8800000, 0x00000000e8800000, 0x00000000e8900000|  0%| F|  |TAMS 0x00000000e8800000, 0x00000000e8800000| Untracked 
| 137|0x00000000e8900000, 0x00000000e8900000, 0x00000000e8a00000|  0%| F|  |TAMS 0x00000000e8900000, 0x00000000e8900000| Untracked 
| 138|0x00000000e8a00000, 0x00000000e8a00000, 0x00000000e8b00000|  0%| F|  |TAMS 0x00000000e8a00000, 0x00000000e8a00000| Untracked 
| 139|0x00000000e8b00000, 0x00000000e8b00000, 0x00000000e8c00000|  0%| F|  |TAMS 0x00000000e8b00000, 0x00000000e8b00000| Untracked 
| 140|0x00000000e8c00000, 0x00000000e8c00000, 0x00000000e8d00000|  0%| F|  |TAMS 0x00000000e8c00000, 0x00000000e8c00000| Untracked 
| 141|0x00000000e8d00000, 0x00000000e8d00000, 0x00000000e8e00000|  0%| F|  |TAMS 0x00000000e8d00000, 0x00000000e8d00000| Untracked 
| 142|0x00000000e8e00000, 0x00000000e8e00000, 0x00000000e8f00000|  0%| F|  |TAMS 0x00000000e8e00000, 0x00000000e8e00000| Untracked 
| 143|0x00000000e8f00000, 0x00000000e8f00000, 0x00000000e9000000|  0%| F|  |TAMS 0x00000000e8f00000, 0x00000000e8f00000| Untracked 
| 144|0x00000000e9000000, 0x00000000e9000000, 0x00000000e9100000|  0%| F|  |TAMS 0x00000000e9000000, 0x00000000e9000000| Untracked 
| 145|0x00000000e9100000, 0x00000000e9100000, 0x00000000e9200000|  0%| F|  |TAMS 0x00000000e9100000, 0x00000000e9100000| Untracked 
| 146|0x00000000e9200000, 0x00000000e9200000, 0x00000000e9300000|  0%| F|  |TAMS 0x00000000e9200000, 0x00000000e9200000| Untracked 
| 147|0x00000000e9300000, 0x00000000e9300000, 0x00000000e9400000|  0%| F|  |TAMS 0x00000000e9300000, 0x00000000e9300000| Untracked 
| 148|0x00000000e9400000, 0x00000000e9400000, 0x00000000e9500000|  0%| F|  |TAMS 0x00000000e9400000, 0x00000000e9400000| Untracked 
| 149|0x00000000e9500000, 0x00000000e9500000, 0x00000000e9600000|  0%| F|  |TAMS 0x00000000e9500000, 0x00000000e9500000| Untracked 
| 150|0x00000000e9600000, 0x00000000e9600000, 0x00000000e9700000|  0%| F|  |TAMS 0x00000000e9600000, 0x00000000e9600000| Untracked 
| 151|0x00000000e9700000, 0x00000000e9700000, 0x00000000e9800000|  0%| F|  |TAMS 0x00000000e9700000, 0x00000000e9700000| Untracked 
| 152|0x00000000e9800000, 0x00000000e9800000, 0x00000000e9900000|  0%| F|  |TAMS 0x00000000e9800000, 0x00000000e9800000| Untracked 
| 153|0x00000000e9900000, 0x00000000e9900000, 0x00000000e9a00000|  0%| F|  |TAMS 0x00000000e9900000, 0x00000000e9900000| Untracked 
| 154|0x00000000e9a00000, 0x00000000e9a00000, 0x00000000e9b00000|  0%| F|  |TAMS 0x00000000e9a00000, 0x00000000e9a00000| Untracked 
| 155|0x00000000e9b00000, 0x00000000e9b00000, 0x00000000e9c00000|  0%| F|  |TAMS 0x00000000e9b00000, 0x00000000e9b00000| Untracked 
| 156|0x00000000e9c00000, 0x00000000e9c00000, 0x00000000e9d00000|  0%| F|  |TAMS 0x00000000e9c00000, 0x00000000e9c00000| Untracked 
| 157|0x00000000e9d00000, 0x00000000e9d00000, 0x00000000e9e00000|  0%| F|  |TAMS 0x00000000e9d00000, 0x00000000e9d00000| Untracked 
| 158|0x00000000e9e00000, 0x00000000e9e00000, 0x00000000e9f00000|  0%| F|  |TAMS 0x00000000e9e00000, 0x00000000e9e00000| Untracked 
| 159|0x00000000e9f00000, 0x00000000e9f00000, 0x00000000ea000000|  0%| F|  |TAMS 0x00000000e9f00000, 0x00000000e9f00000| Untracked 
| 160|0x00000000ea000000, 0x00000000ea000000, 0x00000000ea100000|  0%| F|  |TAMS 0x00000000ea000000, 0x00000000ea000000| Untracked 
| 161|0x00000000ea100000, 0x00000000ea100000, 0x00000000ea200000|  0%| F|  |TAMS 0x00000000ea100000, 0x00000000ea100000| Untracked 
| 162|0x00000000ea200000, 0x00000000ea200000, 0x00000000ea300000|  0%| F|  |TAMS 0x00000000ea200000, 0x00000000ea200000| Untracked 
| 163|0x00000000ea300000, 0x00000000ea300000, 0x00000000ea400000|  0%| F|  |TAMS 0x00000000ea300000, 0x00000000ea300000| Untracked 
| 164|0x00000000ea400000, 0x00000000ea400000, 0x00000000ea500000|  0%| F|  |TAMS 0x00000000ea400000, 0x00000000ea400000| Untracked 
| 165|0x00000000ea500000, 0x00000000ea500000, 0x00000000ea600000|  0%| F|  |TAMS 0x00000000ea500000, 0x00000000ea500000| Untracked 
| 166|0x00000000ea600000, 0x00000000ea600000, 0x00000000ea700000|  0%| F|  |TAMS 0x00000000ea600000, 0x00000000ea600000| Untracked 
| 167|0x00000000ea700000, 0x00000000ea700000, 0x00000000ea800000|  0%| F|  |TAMS 0x00000000ea700000, 0x00000000ea700000| Untracked 
| 168|0x00000000ea800000, 0x00000000ea800000, 0x00000000ea900000|  0%| F|  |TAMS 0x00000000ea800000, 0x00000000ea800000| Untracked 
| 169|0x00000000ea900000, 0x00000000ea900000, 0x00000000eaa00000|  0%| F|  |TAMS 0x00000000ea900000, 0x00000000ea900000| Untracked 
| 170|0x00000000eaa00000, 0x00000000eaa00000, 0x00000000eab00000|  0%| F|  |TAMS 0x00000000eaa00000, 0x00000000eaa00000| Untracked 
| 171|0x00000000eab00000, 0x00000000eab00000, 0x00000000eac00000|  0%| F|  |TAMS 0x00000000eab00000, 0x00000000eab00000| Untracked 
| 172|0x00000000eac00000, 0x00000000eac00000, 0x00000000ead00000|  0%| F|  |TAMS 0x00000000eac00000, 0x00000000eac00000| Untracked 
| 173|0x00000000ead00000, 0x00000000ead00000, 0x00000000eae00000|  0%| F|  |TAMS 0x00000000ead00000, 0x00000000ead00000| Untracked 
| 174|0x00000000eae00000, 0x00000000eae00000, 0x00000000eaf00000|  0%| F|  |TAMS 0x00000000eae00000, 0x00000000eae00000| Untracked 
| 175|0x00000000eaf00000, 0x00000000eaf00000, 0x00000000eb000000|  0%| F|  |TAMS 0x00000000eaf00000, 0x00000000eaf00000| Untracked 
| 176|0x00000000eb000000, 0x00000000eb000000, 0x00000000eb100000|  0%| F|  |TAMS 0x00000000eb000000, 0x00000000eb000000| Untracked 
| 177|0x00000000eb100000, 0x00000000eb100000, 0x00000000eb200000|  0%| F|  |TAMS 0x00000000eb100000, 0x00000000eb100000| Untracked 
| 178|0x00000000eb200000, 0x00000000eb200000, 0x00000000eb300000|  0%| F|  |TAMS 0x00000000eb200000, 0x00000000eb200000| Untracked 
| 179|0x00000000eb300000, 0x00000000eb300000, 0x00000000eb400000|  0%| F|  |TAMS 0x00000000eb300000, 0x00000000eb300000| Untracked 
| 180|0x00000000eb400000, 0x00000000eb400000, 0x00000000eb500000|  0%| F|  |TAMS 0x00000000eb400000, 0x00000000eb400000| Untracked 
| 181|0x00000000eb500000, 0x00000000eb500000, 0x00000000eb600000|  0%| F|  |TAMS 0x00000000eb500000, 0x00000000eb500000| Untracked 
| 182|0x00000000eb600000, 0x00000000eb600000, 0x00000000eb700000|  0%| F|  |TAMS 0x00000000eb600000, 0x00000000eb600000| Untracked 
| 183|0x00000000eb700000, 0x00000000eb700000, 0x00000000eb800000|  0%| F|  |TAMS 0x00000000eb700000, 0x00000000eb700000| Untracked 
| 184|0x00000000eb800000, 0x00000000eb800000, 0x00000000eb900000|  0%| F|  |TAMS 0x00000000eb800000, 0x00000000eb800000| Untracked 
| 185|0x00000000eb900000, 0x00000000eb900000, 0x00000000eba00000|  0%| F|  |TAMS 0x00000000eb900000, 0x00000000eb900000| Untracked 
| 186|0x00000000eba00000, 0x00000000eba00000, 0x00000000ebb00000|  0%| F|  |TAMS 0x00000000eba00000, 0x00000000eba00000| Untracked 
| 187|0x00000000ebb00000, 0x00000000ebb00000, 0x00000000ebc00000|  0%| F|  |TAMS 0x00000000ebb00000, 0x00000000ebb00000| Untracked 
| 188|0x00000000ebc00000, 0x00000000ebc00000, 0x00000000ebd00000|  0%| F|  |TAMS 0x00000000ebc00000, 0x00000000ebc00000| Untracked 
| 189|0x00000000ebd00000, 0x00000000ebd00000, 0x00000000ebe00000|  0%| F|  |TAMS 0x00000000ebd00000, 0x00000000ebd00000| Untracked 
| 190|0x00000000ebe00000, 0x00000000ebe00000, 0x00000000ebf00000|  0%| F|  |TAMS 0x00000000ebe00000, 0x00000000ebe00000| Untracked 
| 191|0x00000000ebf00000, 0x00000000ebf00000, 0x00000000ec000000|  0%| F|  |TAMS 0x00000000ebf00000, 0x00000000ebf00000| Untracked 
| 192|0x00000000ec000000, 0x00000000ec000000, 0x00000000ec100000|  0%| F|  |TAMS 0x00000000ec000000, 0x00000000ec000000| Untracked 
| 193|0x00000000ec100000, 0x00000000ec100000, 0x00000000ec200000|  0%| F|  |TAMS 0x00000000ec100000, 0x00000000ec100000| Untracked 
| 194|0x00000000ec200000, 0x00000000ec200000, 0x00000000ec300000|  0%| F|  |TAMS 0x00000000ec200000, 0x00000000ec200000| Untracked 
| 195|0x00000000ec300000, 0x00000000ec300000, 0x00000000ec400000|  0%| F|  |TAMS 0x00000000ec300000, 0x00000000ec300000| Untracked 
| 196|0x00000000ec400000, 0x00000000ec400000, 0x00000000ec500000|  0%| F|  |TAMS 0x00000000ec400000, 0x00000000ec400000| Untracked 
| 197|0x00000000ec500000, 0x00000000ec500000, 0x00000000ec600000|  0%| F|  |TAMS 0x00000000ec500000, 0x00000000ec500000| Untracked 
| 198|0x00000000ec600000, 0x00000000ec600000, 0x00000000ec700000|  0%| F|  |TAMS 0x00000000ec600000, 0x00000000ec600000| Untracked 
| 199|0x00000000ec700000, 0x00000000ec700000, 0x00000000ec800000|  0%| F|  |TAMS 0x00000000ec700000, 0x00000000ec700000| Untracked 
| 200|0x00000000ec800000, 0x00000000ec800000, 0x00000000ec900000|  0%| F|  |TAMS 0x00000000ec800000, 0x00000000ec800000| Untracked 
| 201|0x00000000ec900000, 0x00000000ec900000, 0x00000000eca00000|  0%| F|  |TAMS 0x00000000ec900000, 0x00000000ec900000| Untracked 
| 202|0x00000000eca00000, 0x00000000eca00000, 0x00000000ecb00000|  0%| F|  |TAMS 0x00000000eca00000, 0x00000000eca00000| Untracked 
| 203|0x00000000ecb00000, 0x00000000ecb00000, 0x00000000ecc00000|  0%| F|  |TAMS 0x00000000ecb00000, 0x00000000ecb00000| Untracked 
| 204|0x00000000ecc00000, 0x00000000ecc00000, 0x00000000ecd00000|  0%| F|  |TAMS 0x00000000ecc00000, 0x00000000ecc00000| Untracked 
| 205|0x00000000ecd00000, 0x00000000ecd00000, 0x00000000ece00000|  0%| F|  |TAMS 0x00000000ecd00000, 0x00000000ecd00000| Untracked 
| 206|0x00000000ece00000, 0x00000000ece00000, 0x00000000ecf00000|  0%| F|  |TAMS 0x00000000ece00000, 0x00000000ece00000| Untracked 
| 207|0x00000000ecf00000, 0x00000000ecf00000, 0x00000000ed000000|  0%| F|  |TAMS 0x00000000ecf00000, 0x00000000ecf00000| Untracked 
| 208|0x00000000ed000000, 0x00000000ed000000, 0x00000000ed100000|  0%| F|  |TAMS 0x00000000ed000000, 0x00000000ed000000| Untracked 
| 209|0x00000000ed100000, 0x00000000ed100000, 0x00000000ed200000|  0%| F|  |TAMS 0x00000000ed100000, 0x00000000ed100000| Untracked 
| 210|0x00000000ed200000, 0x00000000ed200000, 0x00000000ed300000|  0%| F|  |TAMS 0x00000000ed200000, 0x00000000ed200000| Untracked 
| 211|0x00000000ed300000, 0x00000000ed300000, 0x00000000ed400000|  0%| F|  |TAMS 0x00000000ed300000, 0x00000000ed300000| Untracked 
| 212|0x00000000ed400000, 0x00000000ed400000, 0x00000000ed500000|  0%| F|  |TAMS 0x00000000ed400000, 0x00000000ed400000| Untracked 
| 213|0x00000000ed500000, 0x00000000ed500000, 0x00000000ed600000|  0%| F|  |TAMS 0x00000000ed500000, 0x00000000ed500000| Untracked 
| 214|0x00000000ed600000, 0x00000000ed600000, 0x00000000ed700000|  0%| F|  |TAMS 0x00000000ed600000, 0x00000000ed600000| Untracked 
| 215|0x00000000ed700000, 0x00000000ed700000, 0x00000000ed800000|  0%| F|  |TAMS 0x00000000ed700000, 0x00000000ed700000| Untracked 
| 216|0x00000000ed800000, 0x00000000ed800000, 0x00000000ed900000|  0%| F|  |TAMS 0x00000000ed800000, 0x00000000ed800000| Untracked 
| 217|0x00000000ed900000, 0x00000000ed900000, 0x00000000eda00000|  0%| F|  |TAMS 0x00000000ed900000, 0x00000000ed900000| Untracked 
| 218|0x00000000eda00000, 0x00000000eda00000, 0x00000000edb00000|  0%| F|  |TAMS 0x00000000eda00000, 0x00000000eda00000| Untracked 
| 219|0x00000000edb00000, 0x00000000edb00000, 0x00000000edc00000|  0%| F|  |TAMS 0x00000000edb00000, 0x00000000edb00000| Untracked 
| 220|0x00000000edc00000, 0x00000000edc00000, 0x00000000edd00000|  0%| F|  |TAMS 0x00000000edc00000, 0x00000000edc00000| Untracked 
| 221|0x00000000edd00000, 0x00000000edd00000, 0x00000000ede00000|  0%| F|  |TAMS 0x00000000edd00000, 0x00000000edd00000| Untracked 
| 222|0x00000000ede00000, 0x00000000ede00000, 0x00000000edf00000|  0%| F|  |TAMS 0x00000000ede00000, 0x00000000ede00000| Untracked 
| 223|0x00000000edf00000, 0x00000000edf00000, 0x00000000ee000000|  0%| F|  |TAMS 0x00000000edf00000, 0x00000000edf00000| Untracked 
| 224|0x00000000ee000000, 0x00000000ee000000, 0x00000000ee100000|  0%| F|  |TAMS 0x00000000ee000000, 0x00000000ee000000| Untracked 
| 225|0x00000000ee100000, 0x00000000ee100000, 0x00000000ee200000|  0%| F|  |TAMS 0x00000000ee100000, 0x00000000ee100000| Untracked 
| 226|0x00000000ee200000, 0x00000000ee200000, 0x00000000ee300000|  0%| F|  |TAMS 0x00000000ee200000, 0x00000000ee200000| Untracked 
| 227|0x00000000ee300000, 0x00000000ee300000, 0x00000000ee400000|  0%| F|  |TAMS 0x00000000ee300000, 0x00000000ee300000| Untracked 
| 228|0x00000000ee400000, 0x00000000ee400000, 0x00000000ee500000|  0%| F|  |TAMS 0x00000000ee400000, 0x00000000ee400000| Untracked 
| 229|0x00000000ee500000, 0x00000000ee500000, 0x00000000ee600000|  0%| F|  |TAMS 0x00000000ee500000, 0x00000000ee500000| Untracked 
| 230|0x00000000ee600000, 0x00000000ee600000, 0x00000000ee700000|  0%| F|  |TAMS 0x00000000ee600000, 0x00000000ee600000| Untracked 
| 231|0x00000000ee700000, 0x00000000ee700000, 0x00000000ee800000|  0%| F|  |TAMS 0x00000000ee700000, 0x00000000ee700000| Untracked 
| 232|0x00000000ee800000, 0x00000000ee800000, 0x00000000ee900000|  0%| F|  |TAMS 0x00000000ee800000, 0x00000000ee800000| Untracked 
| 233|0x00000000ee900000, 0x00000000ee900000, 0x00000000eea00000|  0%| F|  |TAMS 0x00000000ee900000, 0x00000000ee900000| Untracked 
| 234|0x00000000eea00000, 0x00000000eea00000, 0x00000000eeb00000|  0%| F|  |TAMS 0x00000000eea00000, 0x00000000eea00000| Untracked 
| 235|0x00000000eeb00000, 0x00000000eeb00000, 0x00000000eec00000|  0%| F|  |TAMS 0x00000000eeb00000, 0x00000000eeb00000| Untracked 
| 236|0x00000000eec00000, 0x00000000eec00000, 0x00000000eed00000|  0%| F|  |TAMS 0x00000000eec00000, 0x00000000eec00000| Untracked 
| 237|0x00000000eed00000, 0x00000000eed00000, 0x00000000eee00000|  0%| F|  |TAMS 0x00000000eed00000, 0x00000000eed00000| Untracked 
| 238|0x00000000eee00000, 0x00000000eee00000, 0x00000000eef00000|  0%| F|  |TAMS 0x00000000eee00000, 0x00000000eee00000| Untracked 
| 239|0x00000000eef00000, 0x00000000eef00000, 0x00000000ef000000|  0%| F|  |TAMS 0x00000000eef00000, 0x00000000eef00000| Untracked 
| 240|0x00000000ef000000, 0x00000000ef000000, 0x00000000ef100000|  0%| F|  |TAMS 0x00000000ef000000, 0x00000000ef000000| Untracked 
| 241|0x00000000ef100000, 0x00000000ef100000, 0x00000000ef200000|  0%| F|  |TAMS 0x00000000ef100000, 0x00000000ef100000| Untracked 
| 242|0x00000000ef200000, 0x00000000ef200000, 0x00000000ef300000|  0%| F|  |TAMS 0x00000000ef200000, 0x00000000ef200000| Untracked 
| 243|0x00000000ef300000, 0x00000000ef300000, 0x00000000ef400000|  0%| F|  |TAMS 0x00000000ef300000, 0x00000000ef300000| Untracked 
| 244|0x00000000ef400000, 0x00000000ef400000, 0x00000000ef500000|  0%| F|  |TAMS 0x00000000ef400000, 0x00000000ef400000| Untracked 
| 245|0x00000000ef500000, 0x00000000ef500000, 0x00000000ef600000|  0%| F|  |TAMS 0x00000000ef500000, 0x00000000ef500000| Untracked 
| 246|0x00000000ef600000, 0x00000000ef600000, 0x00000000ef700000|  0%| F|  |TAMS 0x00000000ef600000, 0x00000000ef600000| Untracked 
| 247|0x00000000ef700000, 0x00000000ef780800, 0x00000000ef800000| 50%| E|  |TAMS 0x00000000ef700000, 0x00000000ef700000| Complete 
| 248|0x00000000ef800000, 0x00000000ef900000, 0x00000000ef900000|100%| E|CS|TAMS 0x00000000ef800000, 0x00000000ef800000| Complete 
| 249|0x00000000ef900000, 0x00000000efa00000, 0x00000000efa00000|100%| E|CS|TAMS 0x00000000ef900000, 0x00000000ef900000| Complete 
| 250|0x00000000efa00000, 0x00000000efb00000, 0x00000000efb00000|100%| E|CS|TAMS 0x00000000efa00000, 0x00000000efa00000| Complete 
| 251|0x00000000efb00000, 0x00000000efc00000, 0x00000000efc00000|100%| E|CS|TAMS 0x00000000efb00000, 0x00000000efb00000| Complete 
| 252|0x00000000efc00000, 0x00000000efd00000, 0x00000000efd00000|100%| E|CS|TAMS 0x00000000efc00000, 0x00000000efc00000| Complete 
| 253|0x00000000efd00000, 0x00000000efe00000, 0x00000000efe00000|100%| E|CS|TAMS 0x00000000efd00000, 0x00000000efd00000| Complete 
| 254|0x00000000efe00000, 0x00000000eff00000, 0x00000000eff00000|100%| E|CS|TAMS 0x00000000efe00000, 0x00000000efe00000| Complete 
| 255|0x00000000eff00000, 0x00000000f0000000, 0x00000000f0000000|100%| E|CS|TAMS 0x00000000eff00000, 0x00000000eff00000| Complete 

Card table byte_map: [0x00000192fd0d0000,0x00000192fd1d0000] _byte_map_base: 0x00000192fc9d0000

Marking Bits (Prev, Next): (CMBitMap*) 0x00000192e6450b70, (CMBitMap*) 0x00000192e6450bb0
 Prev Bits: [0x00000192fd2d0000, 0x00000192fdad0000)
 Next Bits: [0x00000192fdad0000, 0x00000192fe2d0000)

Polling page: 0x00000192e5c00000

Metaspace:

Usage:
  Non-class:     30.66 MB used.
      Class:      4.92 MB used.
       Both:     35.59 MB used.

Virtual space:
  Non-class space:       32.00 MB reserved,      30.88 MB ( 96%) committed,  4 nodes.
      Class space:      208.00 MB reserved,       5.06 MB (  2%) committed,  1 nodes.
             Both:      240.00 MB reserved,      35.94 MB ( 15%) committed. 

Chunk freelists:
   Non-Class:  624.00 KB
       Class:  2.97 MB
        Both:  3.58 MB

MaxMetaspaceSize: 256.00 MB
CompressedClassSpaceSize: 208.00 MB
Initial GC threshold: 21.00 MB
Current GC threshold: 59.06 MB
CDS: on
MetaspaceReclaimPolicy: balanced
 - commit_granule_bytes: 65536.
 - commit_granule_words: 8192.
 - virtual_space_node_default_size: 1048576.
 - enlarge_chunks_in_place: 1.
 - new_chunks_are_fully_committed: 0.
 - uncommit_free_chunks: 1.
 - use_allocation_guard: 0.
 - handle_deallocations: 1.


Internal statistics:

num_allocs_failed_limit: 6.
num_arena_births: 292.
num_arena_deaths: 0.
num_vsnodes_births: 5.
num_vsnodes_deaths: 0.
num_space_committed: 575.
num_space_uncommitted: 0.
num_chunks_returned_to_freelist: 6.
num_chunks_taken_from_freelist: 1574.
num_chunk_merges: 6.
num_chunk_splits: 1084.
num_chunks_enlarged: 807.
num_purges: 0.
num_inconsistent_stats: 0.

CodeHeap 'non-profiled nmethods': size=120000Kb used=2206Kb max_used=2206Kb free=117793Kb
 bounds [0x00000192f5770000, 0x00000192f59e0000, 0x00000192fcca0000]
CodeHeap 'profiled nmethods': size=120000Kb used=9058Kb max_used=9058Kb free=110941Kb
 bounds [0x00000192ee240000, 0x00000192eeb20000, 0x00000192f5770000]
CodeHeap 'non-nmethods': size=5760Kb used=2297Kb max_used=2341Kb free=3462Kb
 bounds [0x00000192edca0000, 0x00000192edf10000, 0x00000192ee240000]
 total_blobs=5182 nmethods=4374 adapters=720
 compilation: enabled
              stopped_count=0, restarted_count=0
 full_count=0

Compilation events (20 events):
Event: 5.857 Thread 0x00000192fed03cf0 nmethod 4327 0x00000192eeadcc90 code [0x00000192eeadce80, 0x00000192eeadd718]
Event: 5.857 Thread 0x00000192fed03cf0 4328       3       groovyjarjarasm.asm.Frame::execute (2318 bytes)
Event: 5.863 Thread 0x00000192fed03cf0 nmethod 4328 0x00000192eeadda10 code [0x00000192eeade940, 0x00000192eeae5398]
Event: 5.863 Thread 0x00000192fed03cf0 4332       3       java.util.regex.Pattern$BmpCharPredicate$$Lambda$22/0x80000002b::is (15 bytes)
Event: 5.864 Thread 0x00000192fed03cf0 nmethod 4332 0x00000192eeae6f90 code [0x00000192eeae7160, 0x00000192eeae75f8]
Event: 5.864 Thread 0x00000192fed03cf0 4333       3       java.util.regex.Pattern$BmpCharPredicate::lambda$union$2 (26 bytes)
Event: 5.864 Thread 0x00000192fed03cf0 nmethod 4333 0x00000192eeae7790 code [0x00000192eeae7940, 0x00000192eeae7c78]
Event: 5.864 Thread 0x00000192fed03cf0 4334       3       java.util.regex.Pattern$$Lambda$21/0x80000002a::is (13 bytes)
Event: 5.864 Thread 0x00000192fed03cf0 nmethod 4334 0x00000192eeae7d90 code [0x00000192eeae7f40, 0x00000192eeae8198]
Event: 5.864 Thread 0x00000192fed03cf0 4335       3       java.util.regex.Pattern::lambda$Range$10 (7 bytes)
Event: 5.864 Thread 0x00000192fed03cf0 nmethod 4335 0x00000192eeae8290 code [0x00000192eeae8420, 0x00000192eeae85f8]
Event: 5.865 Thread 0x00000192fed03cf0 4336       3       java.util.regex.Pattern::inRange (16 bytes)
Event: 5.865 Thread 0x00000192fed03cf0 nmethod 4336 0x00000192eeae8690 code [0x00000192eeae8820, 0x00000192eeae8998]
Event: 5.865 Thread 0x00000192fed03cf0 4329       3       groovyjarjarasm.asm.Frame::push (109 bytes)
Event: 5.865 Thread 0x00000192fed03cf0 nmethod 4329 0x00000192eeae8a10 code [0x00000192eeae8be0, 0x00000192eeae9168]
Event: 5.865 Thread 0x00000192fed03cf0 4330       1       org.gradle.internal.operations.BuildOperationDescriptor::getId (5 bytes)
Event: 5.865 Thread 0x00000192fed03cf0 nmethod 4330 0x00000192f5995310 code [0x00000192f59954a0, 0x00000192f5995578]
Event: 5.865 Thread 0x00000192fed03cf0 4331       1       org.gradle.internal.operations.BuildOperationDescriptor::getDetails (5 bytes)
Event: 5.865 Thread 0x00000192fed03cf0 nmethod 4331 0x00000192f5995610 code [0x00000192f59957a0, 0x00000192f5995878]
Event: 5.866 Thread 0x00000192fed03cf0 4338       3       org.gradle.internal.reflect.ClassInspector::inspectClass (179 bytes)

GC Heap History (8 events):
Event: 1.140 GC heap before
{Heap before GC invocations=0 (full 0):
 garbage-first heap   total 262144K, used 28672K [0x00000000e0000000, 0x0000000100000000)
  region size 1024K, 23 young (23552K), 0 survivors (0K)
 Metaspace       used 2980K, committed 3136K, reserved 221184K
  class space    used 380K, committed 448K, reserved 212992K
}
Event: 1.145 GC heap after
{Heap after GC invocations=1 (full 0):
 garbage-first heap   total 262144K, used 9216K [0x00000000e0000000, 0x0000000100000000)
  region size 1024K, 3 young (3072K), 3 survivors (3072K)
 Metaspace       used 2980K, committed 3136K, reserved 221184K
  class space    used 380K, committed 448K, reserved 212992K
}
Event: 1.697 GC heap before
{Heap before GC invocations=1 (full 0):
 garbage-first heap   total 262144K, used 38912K [0x00000000e0000000, 0x0000000100000000)
  region size 1024K, 32 young (32768K), 3 survivors (3072K)
 Metaspace       used 3890K, committed 4096K, reserved 221184K
  class space    used 477K, committed 576K, reserved 212992K
}
Event: 1.701 GC heap after
{Heap after GC invocations=2 (full 0):
 garbage-first heap   total 262144K, used 13342K [0x00000000e0000000, 0x0000000100000000)
  region size 1024K, 4 young (4096K), 4 survivors (4096K)
 Metaspace       used 3890K, committed 4096K, reserved 221184K
  class space    used 477K, committed 576K, reserved 212992K
}
Event: 4.152 GC heap before
{Heap before GC invocations=2 (full 0):
 garbage-first heap   total 262144K, used 113694K [0x00000000e0000000, 0x0000000100000000)
  region size 1024K, 103 young (105472K), 4 survivors (4096K)
 Metaspace       used 21229K, committed 21504K, reserved 237568K
  class space    used 3177K, committed 3264K, reserved 212992K
}
Event: 4.161 GC heap after
{Heap after GC invocations=3 (full 0):
 garbage-first heap   total 262144K, used 20635K [0x00000000e0000000, 0x0000000100000000)
  region size 1024K, 12 young (12288K), 12 survivors (12288K)
 Metaspace       used 21229K, committed 21504K, reserved 237568K
  class space    used 3177K, committed 3264K, reserved 212992K
}
Event: 5.734 GC heap before
{Heap before GC invocations=4 (full 0):
 garbage-first heap   total 262144K, used 142491K [0x00000000e0000000, 0x0000000100000000)
  region size 1024K, 130 young (133120K), 12 survivors (12288K)
 Metaspace       used 35822K, committed 36096K, reserved 245760K
  class space    used 4967K, committed 5120K, reserved 212992K
}
Event: 5.747 GC heap after
{Heap after GC invocations=5 (full 0):
 garbage-first heap   total 262144K, used 32360K [0x00000000e0000000, 0x0000000100000000)
  region size 1024K, 17 young (17408K), 17 survivors (17408K)
 Metaspace       used 35822K, committed 36096K, reserved 245760K
  class space    used 4967K, committed 5120K, reserved 212992K
}

Deoptimization events (20 events):
Event: 5.583 Thread 0x0000019284144eb0 Uncommon trap: trap_request=0xffffff45 fr.pc=0x00000192f582a5d0 relative=0x0000000000000230
Event: 5.583 Thread 0x0000019284144eb0 Uncommon trap: reason=unstable_if action=reinterpret pc=0x00000192f582a5d0 method=java.util.StringTokenizer.scanToken(I)I @ 42 c2
Event: 5.583 Thread 0x0000019284144eb0 DEOPT PACKING pc=0x00000192f582a5d0 sp=0x00000043e59fe1a0
Event: 5.583 Thread 0x0000019284144eb0 DEOPT UNPACKING pc=0x00000192edcf23a3 sp=0x00000043e59fe130 mode 2
Event: 5.593 Thread 0x0000019284144eb0 Uncommon trap: trap_request=0xffffff45 fr.pc=0x00000192f5840c48 relative=0x0000000000000688
Event: 5.593 Thread 0x0000019284144eb0 Uncommon trap: reason=unstable_if action=reinterpret pc=0x00000192f5840c48 method=java.lang.StringLatin1.regionMatchesCI([BI[BII)Z @ 72 c2
Event: 5.593 Thread 0x0000019284144eb0 DEOPT PACKING pc=0x00000192f5840c48 sp=0x00000043e59fe240
Event: 5.593 Thread 0x0000019284144eb0 DEOPT UNPACKING pc=0x00000192edcf23a3 sp=0x00000043e59fe108 mode 2
Event: 5.594 Thread 0x0000019284144eb0 Uncommon trap: trap_request=0xffffff45 fr.pc=0x00000192f583fe58 relative=0x0000000000000498
Event: 5.594 Thread 0x0000019284144eb0 Uncommon trap: reason=unstable_if action=reinterpret pc=0x00000192f583fe58 method=java.lang.StringLatin1.regionMatchesCI([BI[BII)Z @ 72 c2
Event: 5.594 Thread 0x0000019284144eb0 DEOPT PACKING pc=0x00000192f583fe58 sp=0x00000043e59fe1e0
Event: 5.594 Thread 0x0000019284144eb0 DEOPT UNPACKING pc=0x00000192edcf23a3 sp=0x00000043e59fe170 mode 2
Event: 5.617 Thread 0x0000019282f507d0 Uncommon trap: trap_request=0xffffff45 fr.pc=0x00000192f5914aa8 relative=0x00000000000060a8
Event: 5.617 Thread 0x0000019282f507d0 Uncommon trap: reason=unstable_if action=reinterpret pc=0x00000192f5914aa8 method=java.net.URLClassLoader.defineClass(Ljava/lang/String;Ljdk/internal/loader/Resource;)Ljava/lang/Class; @ 21 c2
Event: 5.617 Thread 0x0000019282f507d0 DEOPT PACKING pc=0x00000192f5914aa8 sp=0x00000043e46fa7b0
Event: 5.617 Thread 0x0000019282f507d0 DEOPT UNPACKING pc=0x00000192edcf23a3 sp=0x00000043e46fa5a0 mode 2
Event: 5.719 Thread 0x0000019282f507d0 Uncommon trap: trap_request=0xffffff45 fr.pc=0x00000192f5904658 relative=0x0000000000005ad8
Event: 5.719 Thread 0x0000019282f507d0 Uncommon trap: reason=unstable_if action=reinterpret pc=0x00000192f5904658 method=java.net.URLClassLoader.defineClass(Ljava/lang/String;Ljdk/internal/loader/Resource;)Ljava/lang/Class; @ 21 c2
Event: 5.719 Thread 0x0000019282f507d0 DEOPT PACKING pc=0x00000192f5904658 sp=0x00000043e46f9eb0
Event: 5.719 Thread 0x0000019282f507d0 DEOPT UNPACKING pc=0x00000192edcf23a3 sp=0x00000043e46f9e48 mode 2

Classes unloaded (0 events):
No events

Classes redefined (0 events):
No events

Internal exceptions (20 events):
Event: 5.645 Thread 0x0000019282f507d0 Exception <a 'java/lang/ClassNotFoundException'{0x00000000e84fd560}: org/gradle/groovy/scripts/BasicScriptCustomizer> (0x00000000e84fd560) 
thrown [s\open\src\hotspot\share\classfile\systemDictionary.cpp, line 256]
Event: 5.648 Thread 0x0000019282f507d0 Exception <a 'java/lang/ClassNotFoundException'{0x00000000e83135c8}: org/gradle/groovy/scripts/DefaultScriptCustomizer> (0x00000000e83135c8) 
thrown [s\open\src\hotspot\share\classfile\systemDictionary.cpp, line 256]
Event: 5.651 Thread 0x0000019282f507d0 Exception <a 'java/lang/ClassNotFoundException'{0x00000000e834d5b8}: org/gradle/initialization/InitScriptCustomizer> (0x00000000e834d5b8) 
thrown [s\open\src\hotspot\share\classfile\systemDictionary.cpp, line 256]
Event: 5.652 Thread 0x0000019282f507d0 Exception <a 'java/lang/ClassNotFoundException'{0x00000000e835b650}: wrapper_init4_c3a97nze3lf9o4u1x4axrl5f6Customizer> (0x00000000e835b650) 
thrown [s\open\src\hotspot\share\classfile\systemDictionary.cpp, line 256]
Event: 5.664 Thread 0x0000019282f507d0 Exception <a 'java/lang/ClassNotFoundException'{0x00000000e83f39a0}: org/gradle/internal/extensibility/DefaultExtraPropertiesExtensionBeanInfo> (0x00000000e83f39a0) 
thrown [s\open\src\hotspot\share\classfile\systemDictionary.cpp, line 256]
Event: 5.665 Thread 0x0000019282f507d0 Exception <a 'java/lang/ClassNotFoundException'{0x00000000e83fd088}: org/gradle/internal/extensibility/DefaultExtraPropertiesExtensionCustomizer> (0x00000000e83fd088) 
thrown [s\open\src\hotspot\share\classfile\systemDictionary.cpp, line 256]
Event: 5.705 Thread 0x0000019282f507d0 Exception <a 'java/lang/ClassNotFoundException'{0x00000000e81f9758}: org/gradle/invocation/DefaultGradle_DecoratedBeanInfo> (0x00000000e81f9758) 
thrown [s\open\src\hotspot\share\classfile\systemDictionary.cpp, line 256]
Event: 5.707 Thread 0x0000019282f507d0 Exception <a 'java/lang/ClassNotFoundException'{0x00000000e8007d78}: org/gradle/invocation/DefaultGradleBeanInfo> (0x00000000e8007d78) 
thrown [s\open\src\hotspot\share\classfile\systemDictionary.cpp, line 256]
Event: 5.708 Thread 0x0000019282f507d0 Exception <a 'java/lang/ClassNotFoundException'{0x00000000e8016230}: org/gradle/api/internal/project/AbstractPluginAwareBeanInfo> (0x00000000e8016230) 
thrown [s\open\src\hotspot\share\classfile\systemDictionary.cpp, line 256]
Event: 5.709 Thread 0x0000019282f507d0 Exception <a 'java/lang/ClassNotFoundException'{0x00000000e8024620}: org/gradle/api/internal/project/AbstractPluginAwareCustomizer> (0x00000000e8024620) 
thrown [s\open\src\hotspot\share\classfile\systemDictionary.cpp, line 256]
Event: 5.710 Thread 0x0000019282f507d0 Exception <a 'java/lang/ClassNotFoundException'{0x00000000e80389b8}: org/gradle/invocation/DefaultGradleCustomizer> (0x00000000e80389b8) 
thrown [s\open\src\hotspot\share\classfile\systemDictionary.cpp, line 256]
Event: 5.712 Thread 0x0000019282f507d0 Exception <a 'java/lang/ClassNotFoundException'{0x00000000e8079a90}: org/gradle/invocation/DefaultGradle_DecoratedCustomizer> (0x00000000e8079a90) 
thrown [s\open\src\hotspot\share\classfile\systemDictionary.cpp, line 256]
Event: 5.794 Thread 0x0000019282f507d0 Exception <a 'java/lang/ClassNotFoundException'{0x00000000efe4cc50}: org/gradle/configuration/internal/DefaultListenerBuildOperationDecorator$BuildOperationEmittingClosureBeanInfo> (0x00000000efe4cc50) 
thrown [s\open\src\hotspot\share\classfile\systemDictionary.cpp, line 256]
Event: 5.794 Thread 0x0000019282f507d0 Exception <a 'java/lang/ClassNotFoundException'{0x00000000efe5b9e8}: org/gradle/configuration/internal/DefaultListenerBuildOperationDecorator$BuildOperationEmittingClosureCustomizer> (0x00000000efe5b9e8) 
thrown [s\open\src\hotspot\share\classfile\systemDictionary.cpp, line 256]
Event: 5.828 Thread 0x0000019282f507d0 Exception <a 'java/lang/ClassNotFoundException'{0x00000000efdbfa08}: ijtestinit_8gxf7yucp5p7ghggfebk941h4BeanInfo> (0x00000000efdbfa08) 
thrown [s\open\src\hotspot\share\classfile\systemDictionary.cpp, line 256]
Event: 5.828 Thread 0x0000019282f507d0 Exception <a 'java/lang/ClassNotFoundException'{0x00000000efdc5558}: ijtestinit_8gxf7yucp5p7ghggfebk941h4Customizer> (0x00000000efdc5558) 
thrown [s\open\src\hotspot\share\classfile\systemDictionary.cpp, line 256]
Event: 5.832 Thread 0x0000019282f507d0 Exception <a 'java/lang/ClassNotFoundException'{0x00000000efc089f8}: groovy/lang/ReferenceBeanInfo> (0x00000000efc089f8) 
thrown [s\open\src\hotspot\share\classfile\systemDictionary.cpp, line 256]
Event: 5.833 Thread 0x0000019282f507d0 Exception <a 'java/lang/ClassNotFoundException'{0x00000000efc2ac50}: groovy/lang/ReferenceCustomizer> (0x00000000efc2ac50) 
thrown [s\open\src\hotspot\share\classfile\systemDictionary.cpp, line 256]
Event: 5.853 Thread 0x0000019282f507d0 Exception <a 'java/lang/ClassNotFoundException'{0x00000000efb44030}: org/gradle/execution/taskgraph/DefaultTaskExecutionGraphBeanInfo> (0x00000000efb44030) 
thrown [s\open\src\hotspot\share\classfile\systemDictionary.cpp, line 256]
Event: 5.854 Thread 0x0000019282f507d0 Exception <a 'java/lang/ClassNotFoundException'{0x00000000efb526f8}: org/gradle/execution/taskgraph/DefaultTaskExecutionGraphCustomizer> (0x00000000efb526f8) 
thrown [s\open\src\hotspot\share\classfile\systemDictionary.cpp, line 256]

VM Operations (20 events):
Event: 5.357 Executing VM operation: HandshakeAllThreads
Event: 5.357 Executing VM operation: HandshakeAllThreads done
Event: 5.358 Executing VM operation: HandshakeAllThreads
Event: 5.358 Executing VM operation: HandshakeAllThreads done
Event: 5.412 Executing VM operation: HandshakeAllThreads
Event: 5.412 Executing VM operation: HandshakeAllThreads done
Event: 5.468 Executing VM operation: HandshakeAllThreads
Event: 5.468 Executing VM operation: HandshakeAllThreads done
Event: 5.507 Executing VM operation: ICBufferFull
Event: 5.507 Executing VM operation: ICBufferFull done
Event: 5.526 Executing VM operation: HandshakeAllThreads
Event: 5.526 Executing VM operation: HandshakeAllThreads done
Event: 5.592 Executing VM operation: HandshakeAllThreads
Event: 5.592 Executing VM operation: HandshakeAllThreads done
Event: 5.734 Executing VM operation: CollectForMetadataAllocation
Event: 5.747 Executing VM operation: CollectForMetadataAllocation done
Event: 5.758 Executing VM operation: G1Concurrent
Event: 5.782 Executing VM operation: G1Concurrent done
Event: 5.784 Executing VM operation: G1Concurrent
Event: 5.784 Executing VM operation: G1Concurrent done

Events (20 events):
Event: 5.550 loading class java/util/stream/ReduceOps$5
Event: 5.550 loading class java/util/stream/ReduceOps$5 done
Event: 5.550 loading class java/util/stream/ReduceOps$CountingSink$OfRef
Event: 5.550 loading class java/util/stream/ReduceOps$CountingSink$OfRef done
Event: 5.573 Thread 0x0000019284144eb0 Thread added: 0x0000019284144eb0
Event: 5.582 loading class java/nio/channels/Channels
Event: 5.582 loading class java/nio/channels/Channels done
Event: 5.582 loading class sun/nio/ch/ChannelInputStream
Event: 5.582 loading class sun/nio/ch/ChannelInputStream done
Event: 5.622 loading class java/util/stream/Streams$RangeIntSpliterator
Event: 5.622 loading class java/util/stream/Streams$RangeIntSpliterator done
Event: 5.624 loading class java/util/stream/IntPipeline$1
Event: 5.625 loading class java/util/stream/IntPipeline$1 done
Event: 5.625 loading class java/util/stream/IntPipeline$1$1
Event: 5.625 loading class java/util/stream/IntPipeline$1$1 done
Event: 5.681 Thread 0x0000019284144510 Thread added: 0x0000019284144510
Event: 5.787 loading class sun/reflect/MagicAccessorImpl
Event: 5.787 loading class sun/reflect/MagicAccessorImpl done
Event: 5.805 Thread 0x00000192841414f0 Thread added: 0x00000192841414f0
Event: 5.813 Thread 0x0000019284145380 Thread added: 0x0000019284145380


Dynamic libraries:
0x00007ff784510000 - 0x00007ff784520000 	C:\Program Files\Java\jdk-17.0.4\bin\java.exe
0x00007ff984e10000 - 0x00007ff985008000 	C:\WINDOWS\SYSTEM32\ntdll.dll
0x00007ff982e70000 - 0x00007ff982f2d000 	C:\WINDOWS\System32\KERNEL32.DLL
0x00007ff982970000 - 0x00007ff982c42000 	C:\WINDOWS\System32\KERNELBASE.dll
0x00007ff982870000 - 0x00007ff982970000 	C:\WINDOWS\System32\ucrtbase.dll
0x00007ff977b90000 - 0x00007ff977baa000 	C:\Program Files\Java\jdk-17.0.4\bin\VCRUNTIME140.dll
0x00007ff977d70000 - 0x00007ff977d88000 	C:\Program Files\Java\jdk-17.0.4\bin\jli.dll
0x00007ff983810000 - 0x00007ff9838be000 	C:\WINDOWS\System32\ADVAPI32.dll
0x00007ff984a00000 - 0x00007ff984a9e000 	C:\WINDOWS\System32\msvcrt.dll
0x00007ff984d30000 - 0x00007ff984dcc000 	C:\WINDOWS\System32\sechost.dll
0x00007ff9847b0000 - 0x00007ff9848d5000 	C:\WINDOWS\System32\RPCRT4.dll
0x00007ff983fb0000 - 0x00007ff98414d000 	C:\WINDOWS\System32\USER32.dll
0x00007ff96bd90000 - 0x00007ff96c02a000 	C:\WINDOWS\WinSxS\amd64_microsoft.windows.common-controls_6595b64144ccf1df_6.0.19041.1110_none_60b5254171f9507e\COMCTL32.dll
0x00007ff982810000 - 0x00007ff982832000 	C:\WINDOWS\System32\win32u.dll
0x00007ff982f30000 - 0x00007ff982f5b000 	C:\WINDOWS\System32\GDI32.dll
0x00007ff982700000 - 0x00007ff98280f000 	C:\WINDOWS\System32\gdi32full.dll
0x00007ff9825b0000 - 0x00007ff98264d000 	C:\WINDOWS\System32\msvcp_win.dll
0x00007ff97a040000 - 0x00007ff97a04a000 	C:\WINDOWS\SYSTEM32\VERSION.dll
0x00007ff984200000 - 0x00007ff984230000 	C:\WINDOWS\System32\IMM32.DLL
0x00007ff978040000 - 0x00007ff97804c000 	C:\Program Files\Java\jdk-17.0.4\bin\vcruntime140_1.dll
0x00007ff95e120000 - 0x00007ff95e1ad000 	C:\Program Files\Java\jdk-17.0.4\bin\msvcp140.dll
0x00007ff905110000 - 0x00007ff905cd2000 	C:\Program Files\Java\jdk-17.0.4\bin\server\jvm.dll
0x00007ff984d20000 - 0x00007ff984d28000 	C:\WINDOWS\System32\PSAPI.DLL
0x00007ff96df50000 - 0x00007ff96df59000 	C:\WINDOWS\SYSTEM32\WSOCK32.dll
0x00007ff970310000 - 0x00007ff970337000 	C:\WINDOWS\SYSTEM32\WINMM.dll
0x00007ff983f40000 - 0x00007ff983fab000 	C:\WINDOWS\System32\WS2_32.dll
0x00007ff980d30000 - 0x00007ff980d42000 	C:\WINDOWS\SYSTEM32\kernel.appcore.dll
0x00007ff977b80000 - 0x00007ff977b8a000 	C:\Program Files\Java\jdk-17.0.4\bin\jimage.dll
0x00007ff97f920000 - 0x00007ff97fb04000 	C:\WINDOWS\SYSTEM32\DBGHELP.DLL
0x00007ff978e60000 - 0x00007ff978e8c000 	C:\WINDOWS\SYSTEM32\dbgcore.DLL
0x00007ff982520000 - 0x00007ff9825a2000 	C:\WINDOWS\System32\bcryptPrimitives.dll
0x00007ff972ae0000 - 0x00007ff972b05000 	C:\Program Files\Java\jdk-17.0.4\bin\java.dll
0x00007ff952280000 - 0x00007ff952356000 	C:\Program Files\Java\jdk-17.0.4\bin\jsvml.dll
0x00007ff982f60000 - 0x00007ff9836a3000 	C:\WINDOWS\System32\SHELL32.dll
0x00007ff980580000 - 0x00007ff980d11000 	C:\WINDOWS\SYSTEM32\windows.storage.dll
0x00007ff984440000 - 0x00007ff984794000 	C:\WINDOWS\System32\combase.dll
0x00007ff981f80000 - 0x00007ff981fb0000 	C:\WINDOWS\SYSTEM32\Wldp.dll
0x00007ff984150000 - 0x00007ff9841fd000 	C:\WINDOWS\System32\SHCORE.dll
0x00007ff984300000 - 0x00007ff984355000 	C:\WINDOWS\System32\shlwapi.dll
0x00007ff982460000 - 0x00007ff98247f000 	C:\WINDOWS\SYSTEM32\profapi.dll
0x00007ff96b490000 - 0x00007ff96b4a9000 	C:\Program Files\Java\jdk-17.0.4\bin\net.dll
0x00007ff97eed0000 - 0x00007ff97efdd000 	C:\WINDOWS\SYSTEM32\WINHTTP.dll
0x00007ff981c90000 - 0x00007ff981cfa000 	C:\WINDOWS\system32\mswsock.dll
0x00007ff963f70000 - 0x00007ff963f86000 	C:\Program Files\Java\jdk-17.0.4\bin\nio.dll
0x00007ff963f50000 - 0x00007ff963f68000 	C:\Program Files\Java\jdk-17.0.4\bin\zip.dll
0x00007ff977b70000 - 0x00007ff977b80000 	C:\Program Files\Java\jdk-17.0.4\bin\verify.dll
0x00007ff9520e0000 - 0x00007ff952107000 	C:\Users\Win10\.gradle\native\e1d6ef7f7dcc3fd88c89a11ec53ec762bb8ba0a96d01ffa2cd45eb1d1d8dd5c5\windows-amd64\native-platform.dll
0x00007ff92cbf0000 - 0x00007ff92cd34000 	C:\Users\Win10\.gradle\native\0d407fdbe67a94daf76414ababcb853783967236a71b16ec16e742cd7a986fd3\windows-amd64\native-platform-file-events.dll
0x00007ff96b480000 - 0x00007ff96b489000 	C:\Program Files\Java\jdk-17.0.4\bin\management.dll
0x00007ff96b400000 - 0x00007ff96b40b000 	C:\Program Files\Java\jdk-17.0.4\bin\management_ext.dll
0x00007ff981e70000 - 0x00007ff981e88000 	C:\WINDOWS\SYSTEM32\CRYPTSP.dll
0x00007ff981550000 - 0x00007ff981584000 	C:\WINDOWS\system32\rsaenh.dll
0x00007ff982840000 - 0x00007ff982867000 	C:\WINDOWS\System32\bcrypt.dll
0x00007ff982420000 - 0x00007ff98244e000 	C:\WINDOWS\SYSTEM32\USERENV.dll
0x00007ff981e90000 - 0x00007ff981e9c000 	C:\WINDOWS\SYSTEM32\CRYPTBASE.dll
0x00007ff981950000 - 0x00007ff98198b000 	C:\WINDOWS\SYSTEM32\IPHLPAPI.DLL
0x00007ff9837e0000 - 0x00007ff9837e8000 	C:\WINDOWS\System32\NSI.dll
0x00007ff979bb0000 - 0x00007ff979bc7000 	C:\WINDOWS\SYSTEM32\dhcpcsvc6.DLL
0x00007ff979b90000 - 0x00007ff979bad000 	C:\WINDOWS\SYSTEM32\dhcpcsvc.DLL
0x00007ff981990000 - 0x00007ff981a5a000 	C:\WINDOWS\SYSTEM32\DNSAPI.dll
0x00007ff978dd0000 - 0x00007ff978dde000 	C:\Program Files\Java\jdk-17.0.4\bin\sunmscapi.dll
0x00007ff982c50000 - 0x00007ff982da6000 	C:\WINDOWS\System32\CRYPT32.dll
0x00007ff981ff0000 - 0x00007ff982017000 	C:\WINDOWS\SYSTEM32\ncrypt.dll
0x00007ff981fb0000 - 0x00007ff981feb000 	C:\WINDOWS\SYSTEM32\NTASN1.dll
0x00007ff958550000 - 0x00007ff958557000 	C:\WINDOWS\system32\wshunix.dll

dbghelp: loaded successfully - version: 4.0.5 - missing functions: none
symbol engine: initialized successfully - sym options: 0x614 - pdb path: .;C:\Program Files\Java\jdk-17.0.4\bin;C:\WINDOWS\SYSTEM32;C:\WINDOWS\WinSxS\amd64_microsoft.windows.common-controls_6595b64144ccf1df_6.0.19041.1110_none_60b5254171f9507e;C:\Program Files\Java\jdk-17.0.4\bin\server;C:\Users\Win10\.gradle\native\e1d6ef7f7dcc3fd88c89a11ec53ec762bb8ba0a96d01ffa2cd45eb1d1d8dd5c5\windows-amd64;C:\Users\Win10\.gradle\native\0d407fdbe67a94daf76414ababcb853783967236a71b16ec16e742cd7a986fd3\windows-amd64

VM Arguments:
jvm_args: --add-opens=java.base/java.util=ALL-UNNAMED --add-opens=java.base/java.lang=ALL-UNNAMED --add-opens=java.base/java.lang.invoke=ALL-UNNAMED --add-opens=java.base/java.util=ALL-UNNAMED --add-opens=java.prefs/java.util.prefs=ALL-UNNAMED --add-opens=java.prefs/java.util.prefs=ALL-UNNAMED --add-opens=java.base/java.nio.charset=ALL-UNNAMED --add-opens=java.base/java.net=ALL-UNNAMED --add-opens=java.base/java.util.concurrent.atomic=ALL-UNNAMED -XX:MaxMetaspaceSize=256m -XX:+HeapDumpOnOutOfMemoryError -Xms256m -Xmx512m -Dfile.encoding=windows-1252 -Duser.country=AU -Duser.language=en -Duser.variant 
java_command: org.gradle.launcher.daemon.bootstrap.GradleDaemon 7.4.2
java_class_path (initial): C:\Users\Win10\.gradle\wrapper\dists\gradle-7.4.2-bin\48ivgl02cpt2ed3fh9dbalvx8\gradle-7.4.2\lib\gradle-launcher-7.4.2.jar
Launcher Type: SUN_STANDARD

[Global flags]
     intx CICompilerCount                          = 4                                         {product} {ergonomic}
   size_t CompressedClassSpaceSize                 = 218103808                                 {product} {ergonomic}
     uint ConcGCThreads                            = 2                                         {product} {ergonomic}
     uint G1ConcRefinementThreads                  = 8                                         {product} {ergonomic}
   size_t G1HeapRegionSize                         = 1048576                                   {product} {ergonomic}
    uintx GCDrainStackTargetSize                   = 64                                        {product} {ergonomic}
     bool HeapDumpOnOutOfMemoryError               = true                                   {manageable} {command line}
   size_t InitialHeapSize                          = 268435456                                 {product} {command line}
   size_t MarkStackSize                            = 4194304                                   {product} {ergonomic}
   size_t MaxHeapSize                              = 536870912                                 {product} {command line}
   size_t MaxMetaspaceSize                         = 268435456                                 {product} {command line}
   size_t MaxNewSize                               = 321912832                                 {product} {ergonomic}
   size_t MinHeapDeltaBytes                        = 1048576                                   {product} {ergonomic}
   size_t MinHeapSize                              = 268435456                                 {product} {command line}
    uintx NonNMethodCodeHeapSize                   = 5839372                                {pd product} {ergonomic}
    uintx NonProfiledCodeHeapSize                  = 122909434                              {pd product} {ergonomic}
    uintx ProfiledCodeHeapSize                     = 122909434                              {pd product} {ergonomic}
    uintx ReservedCodeCacheSize                    = 251658240                              {pd product} {ergonomic}
     bool SegmentedCodeCache                       = true                                      {product} {ergonomic}
   size_t SoftMaxHeapSize                          = 536870912                              {manageable} {ergonomic}
     bool UseCompressedClassPointers               = true                           {product lp64_product} {ergonomic}
     bool UseCompressedOops                        = true                           {product lp64_product} {ergonomic}
     bool UseG1GC                                  = true                                      {product} {ergonomic}
     bool UseLargePagesIndividualAllocation        = false                                  {pd product} {ergonomic}

Logging:
Log output configuration:
 #0: stdout all=warning uptime,level,tags
 #1: stderr all=off uptime,level,tags

Environment Variables:
JAVA_HOME=C:\Program Files\Java\jdk-17.0.4
CLASSPATH=%CLASSPATH%;%JSON_JAVA%\json-simple-1.1.1.jar;.;;C:\Program Files\Simple JSON\\json-simple-1.1.1.jar;.;;C:\Program Files\Simple JSON\\json-simple-1.1.1.jar;.;
PATH=C:\Program Files\Common Files\Oracle\Java\javapath;C:\Program Files\Amazon Corretto\jdk1.8.0_282\bin;C:\WINDOWS\system32;C:\WINDOWS;C:\WINDOWS\System32\Wbem;C:\WINDOWS\System32\WindowsPowerShell\v1.0\;C:\WINDOWS\System32\OpenSSH\;C:\Program Files\Intel\WiFi\bin\;C:\Program Files\Common Files\Intel\WirelessCommon\;C:\ProgramData\Oracle\Java\javapath\bin;C:\Gradle\gradle-7.5\bin;;C:\Program Files\Docker\Docker\resources\bin;C:\ProgramData\DockerDesktop\version-bin;C:\Users\Win10\AppData\Local\Programs\Python\Launcher\;C:\Users\Win10\AppData\Local\Microsoft\WindowsApps;C:\Users\Win10\AppData\Local\Programs\Microsoft VS Code\bin;C:\ProgramData\Win10\atom\bin;
USERNAME=Win10
OS=Windows_NT
PROCESSOR_IDENTIFIER=Intel64 Family 6 Model 142 Stepping 11, GenuineIntel



---------------  S Y S T E M  ---------------

OS:
 Windows 10 , 64 bit Build 19041 (10.0.19041.1889)
OS uptime: 10 days 12:22 hours
Hyper-V role detected

CPU: total 8 (initial active 8) (4 cores per cpu, 2 threads per core) family 6 model 142 stepping 11 microcode 0xae, cx8, cmov, fxsr, ht, mmx, 3dnowpref, sse, sse2, sse3, ssse3, sse4.1, sse4.2, popcnt, lzcnt, tsc, tscinvbit, avx, avx2, aes, erms, clmul, bmi1, bmi2, adx, fma, vzeroupper, clflush, clflushopt, hv

Memory: 4k page, system-wide physical 8037M (326M free)
TotalPageFile size 32613M (AvailPageFile size 43M)
current process WorkingSet (physical memory assigned to process): 294M, peak: 297M
current process commit charge ("private bytes"): 432M, peak: 450M

vm_info: Java HotSpot(TM) 64-Bit Server VM (17.0.4+11-LTS-179) for windows-amd64 JRE (17.0.4+11-LTS-179), built on Jun 28 2022 08:23:05 by "mach5one" with MS VC++ 16.8 / 16.9 (VS2019)

END.
