#
# There is insufficient memory for the Java Runtime Environment to continue.
# Native memory allocation (mmap) failed to map 132120576 bytes for G1 virtual space
# Possible reasons:
#   The system is out of physical RAM or swap space
#   The process is running with CompressedOops enabled, and the Java Heap may be blocking the growth of the native heap
# Possible solutions:
#   Reduce memory load on the system
#   Increase physical memory or swap space
#   Check if swap backing store is full
#   Decrease Java heap size (-Xmx/-Xms)
#   Decrease number of Java threads
#   Decrease Java thread stack sizes (-Xss)
#   Set larger code cache with -XX:ReservedCodeCacheSize=
#   JVM is running with Unscaled Compressed Oops mode in which the Java heap is
#     placed in the first 4GB address space. The Java Heap base address is the
#     maximum limit for the native heap growth. Please use -XX:HeapBaseMinAddress
#     to set the Java Heap base and to place the Java Heap above 4GB virtual address.
# This output file may be truncated or incomplete.
#
#  Out of Memory Error (os_windows.cpp:3535), pid=23400, tid=21828
#
# JRE version:  (17.0.4+11) (build )
# Java VM: Java HotSpot(TM) 64-Bit Server VM (17.0.4+11-LTS-179, mixed mode, sharing, tiered, compressed oops, compressed class ptrs, g1 gc, windows-amd64)
# No core dump will be written. Minidumps are not enabled by default on client versions of Windows
#

---------------  S U M M A R Y ------------

Command Line: --add-modules=javafx.controls,javafx.fxml --module-path=C:\Users\Win10\.gradle\caches\modules-2\files-2.1\org.openjfx\javafx-fxml\17.0.2\5079f88d5345e988222c90a345ad682b7aaccad3\javafx-fxml-17.0.2-win.jar;C:\Users\Win10\.gradle\caches\modules-2\files-2.1\org.openjfx\javafx-controls\17.0.2\707f290bacde2738c0a7e1d0b4a8193002c29cf7\javafx-controls-17.0.2-win.jar;C:\Users\Win10\.gradle\caches\modules-2\files-2.1\org.openjfx\javafx-graphics\17.0.2\6f95886c8fed3e1b21370a199c3937846ef6b3cc\javafx-graphics-17.0.2-win.jar;C:\Users\Win10\.gradle\caches\modules-2\files-2.1\org.openjfx\javafx-base\17.0.2\1bd6dc88b180a6239a5067320c2f0d7f3526e1d2\javafx-base-17.0.2-win.jar -Dfile.encoding=windows-1252 -Duser.country=AU -Duser.language=en -Duser.variant VendingApplication.App

Host: Intel(R) Core(TM) i7-8565U CPU @ 1.80GHz, 8 cores, 7G,  Windows 10 , 64 bit Build 19041 (10.0.19041.1889)
Time: Mon Oct 24 21:42:59 2022 AUS Eastern Daylight Time elapsed time: 0.010658 seconds (0d 0h 0m 0s)

---------------  T H R E A D  ---------------

Current thread (0x000001da79161380):  JavaThread "Unknown thread" [_thread_in_vm, id=21828, stack(0x0000006fb7900000,0x0000006fb7a00000)]

Stack: [0x0000006fb7900000,0x0000006fb7a00000]
Native frames: (J=compiled Java code, j=interpreted, Vv=VM code, C=native code)
V  [jvm.dll+0x6723da]
V  [jvm.dll+0x7d1f74]
V  [jvm.dll+0x7d371e]
V  [jvm.dll+0x7d3d83]
V  [jvm.dll+0x242ed5]
V  [jvm.dll+0x66f2f9]
V  [jvm.dll+0x663c42]
V  [jvm.dll+0x30103b]
V  [jvm.dll+0x3085d6]
V  [jvm.dll+0x35844e]
V  [jvm.dll+0x35867f]
V  [jvm.dll+0x2d8258]
V  [jvm.dll+0x2d91c4]
V  [jvm.dll+0x7a3a51]
V  [jvm.dll+0x3662a1]
V  [jvm.dll+0x782dcc]
V  [jvm.dll+0x3e8bff]
V  [jvm.dll+0x3ea6a1]
C  [jli.dll+0x527b]
C  [ucrtbase.dll+0x21bb2]
C  [KERNEL32.DLL+0x17034]
C  [ntdll.dll+0x526a1]


---------------  P R O C E S S  ---------------

Threads class SMR info:
_java_thread_list=0x00007ff905baa858, length=0, elements={
}

Java Threads: ( => current thread )

Other Threads:
  0x000001da791bb870 GCTaskThread "GC Thread#0" [stack: 0x0000006fb7a00000,0x0000006fb7b00000] [id=1124]
  0x000001da791ce220 ConcurrentGCThread "G1 Main Marker" [stack: 0x0000006fb7b00000,0x0000006fb7c00000] [id=3244]
  0x000001da791cf2e0 ConcurrentGCThread "G1 Conc#0" [stack: 0x0000006fb7c00000,0x0000006fb7d00000] [id=20136]

[error occurred during error reporting (printing all threads), id 0xc0000005, EXCEPTION_ACCESS_VIOLATION (0xc0000005) at pc=0x00007ff9053f8c47]

VM state: not at safepoint (not fully initialized)

VM Mutex/Monitor currently owned by a thread:  ([mutex/lock_event])
[0x000001da7915dfb0] Heap_lock - owner thread: 0x000001da79161380

Heap address: 0x0000000082600000, size: 2010 MB, Compressed Oops mode: 32-bit

CDS archive(s) mapped at: [0x0000000000000000-0x0000000000000000-0x0000000000000000), size 0, SharedBaseAddress: 0x0000000800000000, ArchiveRelocationMode: 0.
Narrow klass base: 0x0000000000000000, Narrow klass shift: 0, Narrow klass range: 0x0

GC Precious Log:
<Empty>

Heap:
 garbage-first heap   total 0K, used 0K [0x0000000082600000, 0x0000000100000000)
  region size 1024K, 0 young (0K), 0 survivors (0K)

[error occurred during error reporting (printing heap information), id 0xc0000005, EXCEPTION_ACCESS_VIOLATION (0xc0000005) at pc=0x00007ff9057db889]

GC Heap History (0 events):
No events

Deoptimization events (0 events):
No events

Classes unloaded (0 events):
No events

Classes redefined (0 events):
No events

Internal exceptions (0 events):
No events

VM Operations (0 events):
No events

Events (1 events):
Event: 0.005 Loaded shared library C:\Program Files\Java\jdk-17.0.4\bin\java.dll


Dynamic libraries:
0x00007ff784510000 - 0x00007ff784520000 	C:\Program Files\Java\jdk-17.0.4\bin\java.exe
0x00007ff984e10000 - 0x00007ff985008000 	C:\WINDOWS\SYSTEM32\ntdll.dll
0x00007ff982e70000 - 0x00007ff982f2d000 	C:\WINDOWS\System32\KERNEL32.DLL
0x00007ff982970000 - 0x00007ff982c42000 	C:\WINDOWS\System32\KERNELBASE.dll
0x00007ff982870000 - 0x00007ff982970000 	C:\WINDOWS\System32\ucrtbase.dll
0x00007ff977b90000 - 0x00007ff977baa000 	C:\Program Files\Java\jdk-17.0.4\bin\VCRUNTIME140.dll
0x00007ff977d70000 - 0x00007ff977d88000 	C:\Program Files\Java\jdk-17.0.4\bin\jli.dll
0x00007ff983810000 - 0x00007ff9838be000 	C:\WINDOWS\System32\ADVAPI32.dll
0x00007ff984a00000 - 0x00007ff984a9e000 	C:\WINDOWS\System32\msvcrt.dll
0x00007ff984d30000 - 0x00007ff984dcc000 	C:\WINDOWS\System32\sechost.dll
0x00007ff9847b0000 - 0x00007ff9848d5000 	C:\WINDOWS\System32\RPCRT4.dll
0x00007ff983fb0000 - 0x00007ff98414d000 	C:\WINDOWS\System32\USER32.dll
0x00007ff982810000 - 0x00007ff982832000 	C:\WINDOWS\System32\win32u.dll
0x00007ff96bd90000 - 0x00007ff96c02a000 	C:\WINDOWS\WinSxS\amd64_microsoft.windows.common-controls_6595b64144ccf1df_6.0.19041.1110_none_60b5254171f9507e\COMCTL32.dll
0x00007ff982f30000 - 0x00007ff982f5b000 	C:\WINDOWS\System32\GDI32.dll
0x00007ff982700000 - 0x00007ff98280f000 	C:\WINDOWS\System32\gdi32full.dll
0x00007ff9825b0000 - 0x00007ff98264d000 	C:\WINDOWS\System32\msvcp_win.dll
0x00007ff97a040000 - 0x00007ff97a04a000 	C:\WINDOWS\SYSTEM32\VERSION.dll
0x00007ff984200000 - 0x00007ff984230000 	C:\WINDOWS\System32\IMM32.DLL
0x00007ff978040000 - 0x00007ff97804c000 	C:\Program Files\Java\jdk-17.0.4\bin\vcruntime140_1.dll
0x00007ff95e120000 - 0x00007ff95e1ad000 	C:\Program Files\Java\jdk-17.0.4\bin\msvcp140.dll
0x00007ff905110000 - 0x00007ff905cd2000 	C:\Program Files\Java\jdk-17.0.4\bin\server\jvm.dll
0x00007ff984d20000 - 0x00007ff984d28000 	C:\WINDOWS\System32\PSAPI.DLL
0x00007ff96df50000 - 0x00007ff96df59000 	C:\WINDOWS\SYSTEM32\WSOCK32.dll
0x00007ff970310000 - 0x00007ff970337000 	C:\WINDOWS\SYSTEM32\WINMM.dll
0x00007ff983f40000 - 0x00007ff983fab000 	C:\WINDOWS\System32\WS2_32.dll
0x00007ff980d30000 - 0x00007ff980d42000 	C:\WINDOWS\SYSTEM32\kernel.appcore.dll
0x00007ff977b80000 - 0x00007ff977b8a000 	C:\Program Files\Java\jdk-17.0.4\bin\jimage.dll
0x00007ff97f920000 - 0x00007ff97fb04000 	C:\WINDOWS\SYSTEM32\DBGHELP.DLL
0x00007ff978e60000 - 0x00007ff978e8c000 	C:\WINDOWS\SYSTEM32\dbgcore.DLL
0x00007ff982520000 - 0x00007ff9825a2000 	C:\WINDOWS\System32\bcryptPrimitives.dll
0x00007ff972ae0000 - 0x00007ff972b05000 	C:\Program Files\Java\jdk-17.0.4\bin\java.dll

dbghelp: loaded successfully - version: 4.0.5 - missing functions: none
symbol engine: initialized successfully - sym options: 0x614 - pdb path: .;C:\Program Files\Java\jdk-17.0.4\bin;C:\WINDOWS\SYSTEM32;C:\WINDOWS\WinSxS\amd64_microsoft.windows.common-controls_6595b64144ccf1df_6.0.19041.1110_none_60b5254171f9507e;C:\Program Files\Java\jdk-17.0.4\bin\server

VM Arguments:
jvm_args: --add-modules=javafx.controls,javafx.fxml --module-path=C:\Users\Win10\.gradle\caches\modules-2\files-2.1\org.openjfx\javafx-fxml\17.0.2\5079f88d5345e988222c90a345ad682b7aaccad3\javafx-fxml-17.0.2-win.jar;C:\Users\Win10\.gradle\caches\modules-2\files-2.1\org.openjfx\javafx-controls\17.0.2\707f290bacde2738c0a7e1d0b4a8193002c29cf7\javafx-controls-17.0.2-win.jar;C:\Users\Win10\.gradle\caches\modules-2\files-2.1\org.openjfx\javafx-graphics\17.0.2\6f95886c8fed3e1b21370a199c3937846ef6b3cc\javafx-graphics-17.0.2-win.jar;C:\Users\Win10\.gradle\caches\modules-2\files-2.1\org.openjfx\javafx-base\17.0.2\1bd6dc88b180a6239a5067320c2f0d7f3526e1d2\javafx-base-17.0.2-win.jar -Dfile.encoding=windows-1252 -Duser.country=AU -Duser.language=en -Duser.variant 
java_command: VendingApplication.App
java_class_path (initial): C:\Users\Win10\Desktop\UNI\SOFT2412\vending\CC-21-VendingMachine-G1\app\build\classes\java\main;C:\Users\Win10\Desktop\UNI\SOFT2412\vending\CC-21-VendingMachine-G1\app\build\resources\main;C:\Users\Win10\.gradle\caches\modules-2\files-2.1\com.google.guava\guava\30.1.1-jre\87e0fd1df874ea3cbe577702fe6f17068b790fd8\guava-30.1.1-jre.jar;C:\Users\Win10\.gradle\caches\modules-2\files-2.1\org.json\json\20171018\36ced462c97f0845b4a7b266a25cebe95d18baa3\json-20171018.jar;C:\Users\Win10\.gradle\caches\modules-2\files-2.1\com.googlecode.json-simple\json-simple\1.1.1\c9ad4a0850ab676c5c64461a05ca524cdfff59f1\json-simple-1.1.1.jar;C:\Users\Win10\.gradle\caches\modules-2\files-2.1\com.google.guava\failureaccess\1.0.1\1dcf1de382a0bf95a3d8b0849546c88bac1292c9\failureaccess-1.0.1.jar;C:\Users\Win10\.gradle\caches\modules-2\files-2.1\com.google.guava\listenablefuture\9999.0-empty-to-avoid-conflict-with-guava\b421526c5f297295adef1c886e5246c39d4ac629\listenablefuture-9999.0-empty-to-avoid-conflict-with-guava.jar;C:\Users\Win10\.gradle\caches\modules-2\files-2.1\com.google.code.findbugs\jsr305\3.0.2\25ea2e8b0c338a877313bd4672d3fe056ea78f0d\jsr305-3.0.2.jar;C:\Users\Win10\.gradle\caches\modules-2\files-2.1\org.checkerframework\checker-qual\3.8.0\6b83e4a33220272c3a08991498ba9dc09519f190\checker-qual-3.8.0.jar;C:\Users\Win10\.gradle\caches\modules-2\files-2.1\com.google.errorprone\error_prone_annotations\2.5.1\562d366678b89ce5d6b6b82c1a073880341e3fba\error_prone_annotations-2.5.1.jar;C:\Users\Win10\.gradle\caches\modules-2\files-2.1\com.google.j2objc\j2objc-annotations\1.3\ba035118bc8bac37d7eff77700720999acd9986d\j2objc-annotations-1.3.jar;C:\Users\Win10\.gradle\caches\modules-2\files-2.1\junit\junit\4.10\e4f1766ce7404a08f45d859fb9c226fc9e41a861\junit-4.10.jar;C:\Users\Win10\.gradle\caches\modules-2\files-2.1\org.hamcrest\hamcrest-core\1.1\860340562250678d1a344907ac75754e259cdb14\hamcrest-core-1.1.jar
Launcher Type: SUN_STANDARD

[Global flags]
     intx CICompilerCount                          = 4                                         {product} {ergonomic}
     uint ConcGCThreads                            = 2                                         {product} {ergonomic}
     uint G1ConcRefinementThreads                  = 8                                         {product} {ergonomic}
   size_t G1HeapRegionSize                         = 1048576                                   {product} {ergonomic}
    uintx GCDrainStackTargetSize                   = 64                                        {product} {ergonomic}
   size_t InitialHeapSize                          = 132120576                                 {product} {ergonomic}
   size_t MarkStackSize                            = 4194304                                   {product} {ergonomic}
   size_t MaxHeapSize                              = 2107637760                                {product} {ergonomic}
   size_t MinHeapDeltaBytes                        = 1048576                                   {product} {ergonomic}
   size_t MinHeapSize                              = 8388608                                   {product} {ergonomic}
    uintx NonNMethodCodeHeapSize                   = 5839372                                {pd product} {ergonomic}
    uintx NonProfiledCodeHeapSize                  = 122909434                              {pd product} {ergonomic}
    uintx ProfiledCodeHeapSize                     = 122909434                              {pd product} {ergonomic}
    uintx ReservedCodeCacheSize                    = 251658240                              {pd product} {ergonomic}
     bool SegmentedCodeCache                       = true                                      {product} {ergonomic}
   size_t SoftMaxHeapSize                          = 2107637760                             {manageable} {ergonomic}
     bool UseCompressedClassPointers               = true                           {product lp64_product} {ergonomic}
     bool UseCompressedOops                        = true                           {product lp64_product} {ergonomic}
     bool UseG1GC                                  = true                                      {product} {ergonomic}
     bool UseLargePagesIndividualAllocation        = false                                  {pd product} {ergonomic}

Logging:
Log output configuration:
 #0: stdout all=warning uptime,level,tags
 #1: stderr all=off uptime,level,tags

Environment Variables:
JAVA_HOME=C:\Program Files\Java\jdk-17.0.4
CLASSPATH=C:\Gradle\gradle-7.5\lib\gradle-launcher-7.5.jar
PATH=C:\Program Files\Common Files\Oracle\Java\javapath;C:\Program Files\Amazon Corretto\jdk1.8.0_282\bin;C:\WINDOWS\system32;C:\WINDOWS;C:\WINDOWS\System32\Wbem;C:\WINDOWS\System32\WindowsPowerShell\v1.0\;C:\WINDOWS\System32\OpenSSH\;C:\Program Files\Intel\WiFi\bin\;C:\Program Files\Common Files\Intel\WirelessCommon\;C:\ProgramData\Oracle\Java\javapath\bin;C:\Gradle\gradle-7.5\bin;;C:\Program Files\Docker\Docker\resources\bin;C:\ProgramData\DockerDesktop\version-bin;C:\Users\Win10\AppData\Local\Programs\Python\Launcher\;C:\Users\Win10\AppData\Local\Microsoft\WindowsApps;C:\Users\Win10\AppData\Local\Programs\Microsoft VS Code\bin;C:\ProgramData\Win10\atom\bin;
USERNAME=Win10
OS=Windows_NT
PROCESSOR_IDENTIFIER=Intel64 Family 6 Model 142 Stepping 11, GenuineIntel



---------------  S Y S T E M  ---------------

OS:
 Windows 10 , 64 bit Build 19041 (10.0.19041.1889)
OS uptime: 10 days 11:52 hours
Hyper-V role detected

CPU: total 8 (initial active 8) (4 cores per cpu, 2 threads per core) family 6 model 142 stepping 11 microcode 0xae, cx8, cmov, fxsr, ht, mmx, 3dnowpref, sse, sse2, sse3, ssse3, sse4.1, sse4.2, popcnt, lzcnt, tsc, tscinvbit, avx, avx2, aes, erms, clmul, bmi1, bmi2, adx, fma, vzeroupper, clflush, clflushopt, hv

Memory: 4k page, system-wide physical 8037M (35M free)
TotalPageFile size 32613M (AvailPageFile size 126M)
current process WorkingSet (physical memory assigned to process): 10M, peak: 10M
current process commit charge ("private bytes"): 60M, peak: 186M

vm_info: Java HotSpot(TM) 64-Bit Server VM (17.0.4+11-LTS-179) for windows-amd64 JRE (17.0.4+11-LTS-179), built on Jun 28 2022 08:23:05 by "mach5one" with MS VC++ 16.8 / 16.9 (VS2019)

END.
